\BOOKMARK [0][-]{Contents.0}{\376\377\003\240\003\265\003\301\003\271\003\265\003\307\003\277\000\265\003\265\003\275\003\261}{}% 1
\BOOKMARK [0][-]{part.1}{\376\377\000I\000\040\003\225\003\306\003\261\003\301\003\274\003\277\003\303\003\274\003\255\003\275\003\261\000\040\003\234\003\261\003\270\003\267\003\274\003\261\003\304\003\271\003\272\003\254\000\040\003\246\003\265\003\262\003\301\003\277\003\305\003\254\003\301\003\271\003\277\003\302\000\040\0002\0000\0001\0007}{}% 2
\BOOKMARK [1][-]{section.1}{\376\377\003\230\003\255\003\274\003\261\003\304\003\261\000\040\003\232\003\265\003\307\003\261\003\263\003\271\003\254}{part.1}% 3
\BOOKMARK [2][-]{subsection.1.1}{\376\377\003\206\003\303\003\272\003\267\003\303\003\267\000\040\0001}{section.1}% 4
\BOOKMARK [2][-]{subsection.1.2}{\376\377\003\206\003\303\003\272\003\267\003\303\003\267\000\040\0002}{section.1}% 5
\BOOKMARK [2][-]{subsection.1.3}{\376\377\003\206\003\303\003\272\003\267\003\303\003\267\000\040\0003}{section.1}% 6
\BOOKMARK [2][-]{subsection.1.4}{\376\377\003\206\003\303\003\272\003\267\003\303\003\267\000\040\0004}{section.1}% 7
\BOOKMARK [1][-]{section.2}{\376\377\003\230\003\255\003\274\003\261\003\304\003\261\000\040\003\221\003\304\003\301\003\255\003\261}{part.1}% 8
\BOOKMARK [2][-]{subsection.2.1}{\376\377\003\206\003\303\003\272\003\267\003\303\003\267\000\040\0001}{section.2}% 9
\BOOKMARK [2][-]{subsection.2.2}{\376\377\003\206\003\303\003\272\003\267\003\303\003\267\000\040\0002}{section.2}% 10
\BOOKMARK [2][-]{subsection.2.3}{\376\377\003\206\003\303\003\272\003\267\003\303\003\267\000\040\0003}{section.2}% 11
\BOOKMARK [0][-]{part.2}{\376\377\000I\000I\000\040\003\225\003\306\003\261\003\301\003\274\003\277\003\303\003\274\003\255\003\275\003\261\000\040\003\234\003\261\003\270\003\267\003\274\003\261\003\304\003\271\003\272\003\254\000\040\003\243\003\265\003\300\003\304\003\255\003\274\003\262\003\301\003\271\003\277\003\302\000\040\0002\0000\0001\0006}{}% 12
\BOOKMARK [1][-]{section.3}{\376\377\003\230\003\255\003\274\003\261\003\304\003\261\000\040\003\221\003\304\003\301\003\255\003\261}{part.2}% 13
\BOOKMARK [2][-]{subsection.3.1}{\376\377\003\206\003\303\003\272\003\267\003\303\003\267\000\040\0001}{section.3}% 14
\BOOKMARK [2][-]{subsection.3.2}{\376\377\003\206\003\303\003\272\003\267\003\303\003\267\000\040\0002}{section.3}% 15
\BOOKMARK [2][-]{subsection.3.3}{\376\377\003\206\003\303\003\272\003\267\003\303\003\267\000\040\0003}{section.3}% 16
\BOOKMARK [2][-]{subsection.3.4}{\376\377\003\206\003\303\003\272\003\267\003\303\003\267\000\040\0004}{section.3}% 17
\BOOKMARK [1][-]{section.4}{\376\377\003\230\003\255\003\274\003\261\003\304\003\261\000\040\003\232\003\265\003\307\003\261\003\263\003\271\003\254}{part.2}% 18
\BOOKMARK [2][-]{subsection.4.1}{\376\377\003\206\003\303\003\272\003\267\003\303\003\267\000\040\0001}{section.4}% 19
\BOOKMARK [2][-]{subsection.4.2}{\376\377\003\206\003\303\003\272\003\267\003\303\003\267\000\040\0002}{section.4}% 20
\BOOKMARK [2][-]{subsection.4.3}{\376\377\003\206\003\303\003\272\003\267\003\303\003\267\000\040\0003}{section.4}% 21
\BOOKMARK [2][-]{subsection.4.4}{\376\377\003\206\003\303\003\272\003\267\003\303\003\267\000\040\0004}{section.4}% 22
\BOOKMARK [2][-]{subsection.4.5}{\376\377\003\206\003\303\003\272\003\267\003\303\003\267\000\040\0005}{section.4}% 23
\BOOKMARK [0][-]{part.3}{\376\377\000I\000I\000I\000\040\003\225\003\306\003\261\003\301\003\274\003\277\003\303\003\274\003\255\003\275\003\261\000\040\003\234\003\261\003\270\003\267\003\274\003\261\003\304\003\271\003\272\003\254\000\040\003\246\003\265\003\262\003\301\003\277\003\305\003\254\003\301\003\271\003\277\003\302\000\040\0002\0000\0001\0006}{}% 24
\BOOKMARK [1][-]{section.5}{\376\377\003\230\003\255\003\274\003\261\003\304\003\261\000\040\003\221\003\304\003\301\003\255\003\261}{part.3}% 25
\BOOKMARK [2][-]{subsection.5.1}{\376\377\003\206\003\303\003\272\003\267\003\303\003\267\000\040\0001}{section.5}% 26
\BOOKMARK [2][-]{subsection.5.2}{\376\377\003\206\003\303\003\272\003\267\003\303\003\267\000\040\0002}{section.5}% 27
\BOOKMARK [2][-]{subsection.5.3}{\376\377\003\206\003\303\003\272\003\267\003\303\003\267\000\040\0003}{section.5}% 28
\BOOKMARK [2][-]{subsection.5.4}{\376\377\003\206\003\303\003\272\003\267\003\303\003\267\000\040\0004}{section.5}% 29
\BOOKMARK [1][-]{section.6}{\376\377\003\230\003\255\003\274\003\261\003\304\003\261\000\040\003\232\003\265\003\307\003\261\003\263\003\271\003\254}{part.3}% 30
\BOOKMARK [2][-]{subsection.6.1}{\376\377\003\206\003\303\003\272\003\267\003\303\003\267\000\040\0001}{section.6}% 31
\BOOKMARK [2][-]{subsection.6.2}{\376\377\003\206\003\303\003\272\003\267\003\303\003\267\000\040\0002}{section.6}% 32
\BOOKMARK [2][-]{subsection.6.3}{\376\377\003\206\003\303\003\272\003\267\003\303\003\267\000\040\0003}{section.6}% 33
\BOOKMARK [2][-]{subsection.6.4}{\376\377\003\206\003\303\003\272\003\267\003\303\003\267\000\040\0004}{section.6}% 34
\BOOKMARK [2][-]{subsection.6.5}{\376\377\003\206\003\303\003\272\003\267\003\303\003\267\000\040\0005}{section.6}% 35
\BOOKMARK [0][-]{part.4}{\376\377\000I\000V\000\040\003\225\003\306\003\261\003\301\003\274\003\277\003\303\003\274\003\255\003\275\003\261\000\040\003\234\003\261\003\270\003\267\003\274\003\261\003\304\003\271\003\272\003\254\000\040\003\243\003\265\003\300\003\304\003\255\003\274\003\262\003\301\003\271\003\277\003\302\000\040\0002\0000\0001\0005}{}% 36
\BOOKMARK [1][-]{section.7}{\376\377\003\230\003\255\003\274\003\261\003\304\003\261\000\040\003\221\003\304\003\301\003\255\003\261}{part.4}% 37
\BOOKMARK [2][-]{subsection.7.1}{\376\377\003\206\003\303\003\272\003\267\003\303\003\267\000\040\0001}{section.7}% 38
\BOOKMARK [2][-]{subsection.7.2}{\376\377\003\206\003\303\003\272\003\267\003\303\003\267\000\040\0002}{section.7}% 39
\BOOKMARK [2][-]{subsection.7.3}{\376\377\003\206\003\303\003\272\003\267\003\303\003\267\000\040\0003}{section.7}% 40
\BOOKMARK [2][-]{subsection.7.4}{\376\377\003\206\003\303\003\272\003\267\003\303\003\267\000\040\0004}{section.7}% 41
\BOOKMARK [2][-]{subsection.7.5}{\376\377\003\206\003\303\003\272\003\267\003\303\003\267\000\040\0005}{section.7}% 42
\BOOKMARK [2][-]{subsection.7.6}{\376\377\003\206\003\303\003\272\003\267\003\303\003\267\000\040\0006}{section.7}% 43
\BOOKMARK [2][-]{subsection.7.7}{\376\377\003\206\003\303\003\272\003\267\003\303\003\267\000\040\0007}{section.7}% 44
\BOOKMARK [0][-]{part.5}{\376\377\000V\000\040\003\225\003\306\003\261\003\301\003\274\003\277\003\303\003\274\003\255\003\275\003\261\000\040\003\234\003\261\003\270\003\267\003\274\003\261\003\304\003\271\003\272\003\254\000\040\003\246\003\265\003\262\003\301\003\277\003\305\003\254\003\301\003\271\003\277\003\302\000\040\0002\0000\0001\0005}{}% 45
\BOOKMARK [1][-]{section.8}{\376\377\003\230\003\255\003\274\003\261\003\304\003\261\000\040\003\221\003\304\003\301\003\255\003\261}{part.5}% 46
\BOOKMARK [2][-]{subsection.8.1}{\376\377\003\206\003\303\003\272\003\267\003\303\003\267\000\040\0001}{section.8}% 47
\BOOKMARK [2][-]{subsection.8.2}{\376\377\003\206\003\303\003\272\003\267\003\303\003\267\000\040\0002}{section.8}% 48
\BOOKMARK [2][-]{subsection.8.3}{\376\377\003\206\003\303\003\272\003\267\003\303\003\267\000\040\0003}{section.8}% 49
\BOOKMARK [2][-]{subsection.8.4}{\376\377\003\206\003\303\003\272\003\267\003\303\003\267\000\040\0004}{section.8}% 50
\BOOKMARK [2][-]{subsection.8.5}{\376\377\003\206\003\303\003\272\003\267\003\303\003\267\000\040\0005}{section.8}% 51
\BOOKMARK [2][-]{subsection.8.6}{\376\377\003\206\003\303\003\272\003\267\003\303\003\267\000\040\0006}{section.8}% 52
\BOOKMARK [2][-]{subsection.8.7}{\376\377\003\206\003\303\003\272\003\267\003\303\003\267\000\040\0007}{section.8}% 53
\BOOKMARK [2][-]{subsection.8.8}{\376\377\003\206\003\303\003\272\003\267\003\303\003\267\000\040\0008}{section.8}% 54
\BOOKMARK [0][-]{part.6}{\376\377\000V\000I\000\040\003\225\003\306\003\261\003\301\003\274\003\277\003\303\003\274\003\255\003\275\003\261\000\040\003\234\003\261\003\270\003\267\003\274\003\261\003\304\003\271\003\272\003\254\000\040\003\243\003\265\003\300\003\304\003\255\003\274\003\262\003\301\003\271\003\277\003\302\000\040\0002\0000\0001\0004}{}% 55
\BOOKMARK [1][-]{section.9}{\376\377\003\230\003\255\003\274\003\261\003\304\003\261\000\040\003\221\003\304\003\301\003\255\003\261}{part.6}% 56
\BOOKMARK [2][-]{subsection.9.1}{\376\377\003\206\003\303\003\272\003\267\003\303\003\267\000\040\0001}{section.9}% 57
\BOOKMARK [2][-]{subsection.9.2}{\376\377\003\206\003\303\003\272\003\267\003\303\003\267\000\040\0002}{section.9}% 58
\BOOKMARK [2][-]{subsection.9.3}{\376\377\003\206\003\303\003\272\003\267\003\303\003\267\000\040\0003}{section.9}% 59
\BOOKMARK [2][-]{subsection.9.4}{\376\377\003\206\003\303\003\272\003\267\003\303\003\267\000\040\0004}{section.9}% 60
\BOOKMARK [2][-]{subsection.9.5}{\376\377\003\206\003\303\003\272\003\267\003\303\003\267\000\040\0005}{section.9}% 61
\BOOKMARK [2][-]{subsection.9.6}{\376\377\003\206\003\303\003\272\003\267\003\303\003\267\000\040\0006}{section.9}% 62
\BOOKMARK [2][-]{subsection.9.7}{\376\377\003\206\003\303\003\272\003\267\003\303\003\267\000\040\0007}{section.9}% 63
\BOOKMARK [2][-]{subsection.9.8}{\376\377\003\206\003\303\003\272\003\267\003\303\003\267\000\040\0008}{section.9}% 64
\BOOKMARK [2][-]{subsection.9.9}{\376\377\003\206\003\303\003\272\003\267\003\303\003\267\000\040\0009}{section.9}% 65
\BOOKMARK [0][-]{part.7}{\376\377\000V\000I\000I\000\040\003\225\003\306\003\261\003\301\003\274\003\277\003\303\003\274\003\255\003\275\003\261\000\040\003\234\003\261\003\270\003\267\003\274\003\261\003\304\003\271\003\272\003\254\000\040\003\231\003\277\003\315\003\275\003\271\003\277\003\302\000\040\0002\0000\0001\0004}{}% 66
\BOOKMARK [1][-]{section.10}{\376\377\003\230\003\255\003\274\003\261\003\304\003\261\000\040\003\221\003\304\003\301\003\255\003\261}{part.7}% 67
\BOOKMARK [2][-]{subsection.10.1}{\376\377\003\206\003\303\003\272\003\267\003\303\003\267\000\040\0001}{section.10}% 68
\BOOKMARK [2][-]{subsection.10.2}{\376\377\003\206\003\303\003\272\003\267\003\303\003\267\000\040\0002}{section.10}% 69
\BOOKMARK [2][-]{subsection.10.3}{\376\377\003\206\003\303\003\272\003\267\003\303\003\267\000\040\0003}{section.10}% 70
\BOOKMARK [2][-]{subsection.10.4}{\376\377\003\206\003\303\003\272\003\267\003\303\003\267\000\040\0004}{section.10}% 71
\BOOKMARK [2][-]{subsection.10.5}{\376\377\003\206\003\303\003\272\003\267\003\303\003\267\000\040\0005}{section.10}% 72
\BOOKMARK [2][-]{subsection.10.6}{\376\377\003\206\003\303\003\272\003\267\003\303\003\267\000\040\0006}{section.10}% 73
\BOOKMARK [2][-]{subsection.10.7}{\376\377\003\206\003\303\003\272\003\267\003\303\003\267\000\040\0007}{section.10}% 74
\BOOKMARK [2][-]{subsection.10.8}{\376\377\003\206\003\303\003\272\003\267\003\303\003\267\000\040\0008}{section.10}% 75
\BOOKMARK [0][-]{part.8}{\376\377\000V\000I\000I\000I\000\040\003\225\003\306\003\261\003\301\003\274\003\277\003\303\003\274\003\255\003\275\003\261\000\040\003\234\003\261\003\270\003\267\003\274\003\261\003\304\003\271\003\272\003\254\000\040\003\246\003\265\003\262\003\301\003\277\003\305\003\254\003\301\003\271\003\277\003\302\000\040\0002\0000\0001\0004}{}% 76
\BOOKMARK [1][-]{section.11}{\376\377\003\230\003\255\003\274\003\261\003\304\003\261\000\040\003\221\003\304\003\301\003\255\003\261}{part.8}% 77
\BOOKMARK [2][-]{subsection.11.1}{\376\377\003\206\003\303\003\272\003\267\003\303\003\267\000\040\0001}{section.11}% 78
\BOOKMARK [2][-]{subsection.11.2}{\376\377\003\206\003\303\003\272\003\267\003\303\003\267\000\040\0002}{section.11}% 79
\BOOKMARK [2][-]{subsection.11.3}{\376\377\003\206\003\303\003\272\003\267\003\303\003\267\000\040\0003}{section.11}% 80
\BOOKMARK [2][-]{subsection.11.4}{\376\377\003\206\003\303\003\272\003\267\003\303\003\267\000\040\0004}{section.11}% 81
\BOOKMARK [2][-]{subsection.11.5}{\376\377\003\206\003\303\003\272\003\267\003\303\003\267\000\040\0005}{section.11}% 82
\BOOKMARK [2][-]{subsection.11.6}{\376\377\003\206\003\303\003\272\003\267\003\303\003\267\000\040\0006}{section.11}% 83
\BOOKMARK [2][-]{subsection.11.7}{\376\377\003\206\003\303\003\272\003\267\003\303\003\267\000\040\0007}{section.11}% 84
\BOOKMARK [0][-]{part.9}{\376\377\000I\000X\000\040\003\225\003\306\003\261\003\301\003\274\003\277\003\303\003\274\003\255\003\275\003\261\000\040\003\234\003\261\003\270\003\267\003\274\003\261\003\304\003\271\003\272\003\254\000\040\003\243\003\265\003\300\003\304\003\255\003\274\003\262\003\301\003\271\003\277\003\302\000\040\0002\0000\0001\0003}{}% 85
\BOOKMARK [1][-]{section.12}{\376\377\003\230\003\255\003\274\003\261\003\304\003\261\000\040\003\221\003\304\003\301\003\255\003\261}{part.9}% 86
\BOOKMARK [2][-]{subsection.12.1}{\376\377\003\206\003\303\003\272\003\267\003\303\003\267\000\040\0001}{section.12}% 87
\BOOKMARK [2][-]{subsection.12.2}{\376\377\003\206\003\303\003\272\003\267\003\303\003\267\000\040\0002}{section.12}% 88
\BOOKMARK [2][-]{subsection.12.3}{\376\377\003\206\003\303\003\272\003\267\003\303\003\267\000\040\0003}{section.12}% 89
\BOOKMARK [2][-]{subsection.12.4}{\376\377\003\206\003\303\003\272\003\267\003\303\003\267\000\040\0004}{section.12}% 90
\BOOKMARK [0][-]{part.10}{\376\377\000X\000\040\003\225\003\306\003\261\003\301\003\274\003\277\003\303\003\274\003\255\003\275\003\261\000\040\003\234\003\261\003\270\003\267\003\274\003\261\003\304\003\271\003\272\003\254\000\040\003\246\003\265\003\262\003\301\003\277\003\305\003\254\003\301\003\271\003\277\003\302\000\040\0002\0000\0001\0003}{}% 91
\BOOKMARK [1][-]{section.13}{\376\377\003\230\003\255\003\274\003\261\003\304\003\261\000\040\003\221\003\304\003\301\003\255\003\261}{part.10}% 92
\BOOKMARK [2][-]{subsection.13.1}{\376\377\003\206\003\303\003\272\003\267\003\303\003\267\000\040\0001}{section.13}% 93
\BOOKMARK [2][-]{subsection.13.2}{\376\377\003\206\003\303\003\272\003\267\003\303\003\267\000\040\0002}{section.13}% 94
\BOOKMARK [2][-]{subsection.13.3}{\376\377\003\206\003\303\003\272\003\267\003\303\003\267\000\040\0003}{section.13}% 95
\BOOKMARK [2][-]{subsection.13.4}{\376\377\003\206\003\303\003\272\003\267\003\303\003\267\000\040\0004}{section.13}% 96
\BOOKMARK [2][-]{subsection.13.5}{\376\377\003\206\003\303\003\272\003\267\003\303\003\267\000\040\0005}{section.13}% 97
\BOOKMARK [2][-]{subsection.13.6}{\376\377\003\206\003\303\003\272\003\267\003\303\003\267\000\040\0006}{section.13}% 98
\BOOKMARK [2][-]{subsection.13.7}{\376\377\003\206\003\303\003\272\003\267\003\303\003\267\000\040\0007}{section.13}% 99
\BOOKMARK [2][-]{subsection.13.8}{\376\377\003\206\003\303\003\272\003\267\003\303\003\267\000\040\0008}{section.13}% 100
