This is pdfTeX, Version 3.14159265-2.6-1.40.19 (MiKTeX 2.9.6840 64-bit) (preloaded format=pdflatex 2018.10.16)  16 OCT 2018 23:30
entering extended mode
**./final.tex
(final.tex
LaTeX2e <2018-04-01> patch level 5
("C:\Users\giannis\AppData\Local\Programs\MiKTeX 2.9\tex\latex\base\article.cls
"
Document Class: article 2014/09/29 v1.4h Standard LaTeX document class
("C:\Users\giannis\AppData\Local\Programs\MiKTeX 2.9\tex\latex\base\size12.clo"
File: size12.clo 2014/09/29 v1.4h Standard LaTeX file (size option)
)
\c@part=\count80
\c@section=\count81
\c@subsection=\count82
\c@subsubsection=\count83
\c@paragraph=\count84
\c@subparagraph=\count85
\c@figure=\count86
\c@table=\count87
\abovecaptionskip=\skip41
\belowcaptionskip=\skip42
\bibindent=\dimen102
)
("C:\Users\giannis\AppData\Local\Programs\MiKTeX 2.9\tex\latex\base\inputenc.st
y"
Package: inputenc 2018/04/06 v1.3b Input encoding file
\inpenc@prehook=\toks14
\inpenc@posthook=\toks15
)
("C:\Users\giannis\AppData\Local\Programs\MiKTeX 2.9\tex\generic\babel\babel.st
y"
Package: babel 2018/10/03 3.25 The Babel package

("C:\Users\giannis\AppData\Local\Programs\MiKTeX 2.9\tex\generic\babel\switch.d
ef"
File: switch.def 2018/10/03 3.25 Babel switching mechanism
)
*************************************
* Local config file bblopts.cfg used
*

("C:\Users\giannis\AppData\Local\Programs\MiKTeX 2.9\tex\latex\arabi\bblopts.cf
g"
File: bblopts.cfg 2005/09/08 v0.1 add Arabic and Farsi to "declared" options of
 babel
)
("C:\Users\giannis\AppData\Local\Programs\MiKTeX 2.9\tex\latex\babel-greek\gree
k.ldf"
Language: greek 2016/09/07 v1.9g Greek support for the babel system

("C:\Users\giannis\AppData\Local\Programs\MiKTeX 2.9\tex\generic\babel\babel.de
f"
File: babel.def 2018/10/03 3.25 Babel common definitions
\babel@savecnt=\count88
\U@D=\dimen103

("C:\Users\giannis\AppData\Local\Programs\MiKTeX 2.9\tex\generic\babel\txtbabel
.def")
\bbl@dirlevel=\count89
)
\bbl@monogreek=\count90
\bbl@polygreek=\count91
\bbl@ancientgreek=\count92

("C:\Users\giannis\AppData\Local\Programs\MiKTeX 2.9\tex\latex\greek-fontenc\lg
renc.def"
File: lgrenc.def 2015/12/07 v0.13.1 LGR Greek font encoding definitions
Now handling font encoding LGR ...
... processing UTF-8 mapping file for font encoding LGR

("C:\Users\giannis\AppData\Local\Programs\MiKTeX 2.9\tex\latex\greek-inputenc\l
grenc.dfu"
File: lgrenc.dfu 2015/08/05 1.6 UTF-8 support for Greek
   defining Unicode char U+00A8 (decimal 168)
   defining Unicode char U+00AB (decimal 171)
   defining Unicode char U+00AF (decimal 175)
   defining Unicode char U+00B4 (decimal 180)
   defining Unicode char U+00B7 (decimal 183)
   defining Unicode char U+00BB (decimal 187)
   defining Unicode char U+0259 (decimal 601)
   defining Unicode char U+02D8 (decimal 728)
   defining Unicode char U+2013 (decimal 8211)
   defining Unicode char U+2014 (decimal 8212)
   defining Unicode char U+2018 (decimal 8216)
   defining Unicode char U+2019 (decimal 8217)
   defining Unicode char U+201A (decimal 8218)
   defining Unicode char U+2030 (decimal 8240)
   defining Unicode char U+2039 (decimal 8249)
   defining Unicode char U+203A (decimal 8250)
   defining Unicode char U+20AC (decimal 8364)
   defining Unicode char U+0374 (decimal 884)
   defining Unicode char U+0375 (decimal 885)
   defining Unicode char U+037A (decimal 890)
   defining Unicode char U+037E (decimal 894)
   defining Unicode char U+0384 (decimal 900)
   defining Unicode char U+0385 (decimal 901)
   defining Unicode char U+0386 (decimal 902)
   defining Unicode char U+0387 (decimal 903)
   defining Unicode char U+0388 (decimal 904)
   defining Unicode char U+0389 (decimal 905)
   defining Unicode char U+038A (decimal 906)
   defining Unicode char U+038C (decimal 908)
   defining Unicode char U+038E (decimal 910)
   defining Unicode char U+038F (decimal 911)
   defining Unicode char U+0390 (decimal 912)
   defining Unicode char U+0391 (decimal 913)
   defining Unicode char U+0392 (decimal 914)
   defining Unicode char U+0393 (decimal 915)
   defining Unicode char U+0394 (decimal 916)
   defining Unicode char U+0395 (decimal 917)
   defining Unicode char U+0396 (decimal 918)
   defining Unicode char U+0397 (decimal 919)
   defining Unicode char U+0398 (decimal 920)
   defining Unicode char U+0399 (decimal 921)
   defining Unicode char U+039A (decimal 922)
   defining Unicode char U+039B (decimal 923)
   defining Unicode char U+039C (decimal 924)
   defining Unicode char U+039D (decimal 925)
   defining Unicode char U+039E (decimal 926)
   defining Unicode char U+039F (decimal 927)
   defining Unicode char U+03A0 (decimal 928)
   defining Unicode char U+03A1 (decimal 929)
   defining Unicode char U+03A3 (decimal 931)
   defining Unicode char U+03A4 (decimal 932)
   defining Unicode char U+03A5 (decimal 933)
   defining Unicode char U+03A6 (decimal 934)
   defining Unicode char U+03A7 (decimal 935)
   defining Unicode char U+03A8 (decimal 936)
   defining Unicode char U+03A9 (decimal 937)
   defining Unicode char U+03AA (decimal 938)
   defining Unicode char U+03AB (decimal 939)
   defining Unicode char U+03AC (decimal 940)
   defining Unicode char U+03AD (decimal 941)
   defining Unicode char U+03AE (decimal 942)
   defining Unicode char U+03AF (decimal 943)
   defining Unicode char U+03B0 (decimal 944)
   defining Unicode char U+03B1 (decimal 945)
   defining Unicode char U+03B2 (decimal 946)
   defining Unicode char U+03B3 (decimal 947)
   defining Unicode char U+03B4 (decimal 948)
   defining Unicode char U+03B5 (decimal 949)
   defining Unicode char U+03B6 (decimal 950)
   defining Unicode char U+03B7 (decimal 951)
   defining Unicode char U+03B8 (decimal 952)
   defining Unicode char U+03B9 (decimal 953)
   defining Unicode char U+03BA (decimal 954)
   defining Unicode char U+03BB (decimal 955)
   defining Unicode char U+03BC (decimal 956)
   defining Unicode char U+03BD (decimal 957)
   defining Unicode char U+03BE (decimal 958)
   defining Unicode char U+03BF (decimal 959)
   defining Unicode char U+03C0 (decimal 960)
   defining Unicode char U+03C1 (decimal 961)
   defining Unicode char U+03C2 (decimal 962)
   defining Unicode char U+03C3 (decimal 963)
   defining Unicode char U+03C4 (decimal 964)
   defining Unicode char U+03C5 (decimal 965)
   defining Unicode char U+03C6 (decimal 966)
   defining Unicode char U+03C7 (decimal 967)
   defining Unicode char U+03C8 (decimal 968)
   defining Unicode char U+03C9 (decimal 969)
   defining Unicode char U+03CA (decimal 970)
   defining Unicode char U+03CB (decimal 971)
   defining Unicode char U+03CC (decimal 972)
   defining Unicode char U+03CD (decimal 973)
   defining Unicode char U+03CE (decimal 974)
   defining Unicode char U+03D0 (decimal 976)
   defining Unicode char U+03D1 (decimal 977)
   defining Unicode char U+03D5 (decimal 981)
   defining Unicode char U+03D6 (decimal 982)
   defining Unicode char U+03D8 (decimal 984)
   defining Unicode char U+03D9 (decimal 985)
   defining Unicode char U+03DA (decimal 986)
   defining Unicode char U+03DB (decimal 987)
   defining Unicode char U+03DC (decimal 988)
   defining Unicode char U+03DD (decimal 989)
   defining Unicode char U+03DF (decimal 991)
   defining Unicode char U+03E0 (decimal 992)
   defining Unicode char U+03E1 (decimal 993)
   defining Unicode char U+03F0 (decimal 1008)
   defining Unicode char U+03F1 (decimal 1009)
   defining Unicode char U+03F4 (decimal 1012)
   defining Unicode char U+03F5 (decimal 1013)
   defining Unicode char U+1F00 (decimal 7936)
   defining Unicode char U+1F01 (decimal 7937)
   defining Unicode char U+1F02 (decimal 7938)
   defining Unicode char U+1F03 (decimal 7939)
   defining Unicode char U+1F04 (decimal 7940)
   defining Unicode char U+1F05 (decimal 7941)
   defining Unicode char U+1F06 (decimal 7942)
   defining Unicode char U+1F07 (decimal 7943)
   defining Unicode char U+1F08 (decimal 7944)
   defining Unicode char U+1F09 (decimal 7945)
   defining Unicode char U+1F0A (decimal 7946)
   defining Unicode char U+1F0B (decimal 7947)
   defining Unicode char U+1F0C (decimal 7948)
   defining Unicode char U+1F0D (decimal 7949)
   defining Unicode char U+1F0E (decimal 7950)
   defining Unicode char U+1F0F (decimal 7951)
   defining Unicode char U+1F10 (decimal 7952)
   defining Unicode char U+1F11 (decimal 7953)
   defining Unicode char U+1F12 (decimal 7954)
   defining Unicode char U+1F13 (decimal 7955)
   defining Unicode char U+1F14 (decimal 7956)
   defining Unicode char U+1F15 (decimal 7957)
   defining Unicode char U+1F18 (decimal 7960)
   defining Unicode char U+1F19 (decimal 7961)
   defining Unicode char U+1F1A (decimal 7962)
   defining Unicode char U+1F1B (decimal 7963)
   defining Unicode char U+1F1C (decimal 7964)
   defining Unicode char U+1F1D (decimal 7965)
   defining Unicode char U+1F20 (decimal 7968)
   defining Unicode char U+1F21 (decimal 7969)
   defining Unicode char U+1F22 (decimal 7970)
   defining Unicode char U+1F23 (decimal 7971)
   defining Unicode char U+1F24 (decimal 7972)
   defining Unicode char U+1F25 (decimal 7973)
   defining Unicode char U+1F26 (decimal 7974)
   defining Unicode char U+1F27 (decimal 7975)
   defining Unicode char U+1F28 (decimal 7976)
   defining Unicode char U+1F29 (decimal 7977)
   defining Unicode char U+1F2A (decimal 7978)
   defining Unicode char U+1F2B (decimal 7979)
   defining Unicode char U+1F2C (decimal 7980)
   defining Unicode char U+1F2D (decimal 7981)
   defining Unicode char U+1F2E (decimal 7982)
   defining Unicode char U+1F2F (decimal 7983)
   defining Unicode char U+1F30 (decimal 7984)
   defining Unicode char U+1F31 (decimal 7985)
   defining Unicode char U+1F32 (decimal 7986)
   defining Unicode char U+1F33 (decimal 7987)
   defining Unicode char U+1F34 (decimal 7988)
   defining Unicode char U+1F35 (decimal 7989)
   defining Unicode char U+1F36 (decimal 7990)
   defining Unicode char U+1F37 (decimal 7991)
   defining Unicode char U+1F38 (decimal 7992)
   defining Unicode char U+1F39 (decimal 7993)
   defining Unicode char U+1F3A (decimal 7994)
   defining Unicode char U+1F3B (decimal 7995)
   defining Unicode char U+1F3C (decimal 7996)
   defining Unicode char U+1F3D (decimal 7997)
   defining Unicode char U+1F3E (decimal 7998)
   defining Unicode char U+1F3F (decimal 7999)
   defining Unicode char U+1F40 (decimal 8000)
   defining Unicode char U+1F41 (decimal 8001)
   defining Unicode char U+1F42 (decimal 8002)
   defining Unicode char U+1F43 (decimal 8003)
   defining Unicode char U+1F44 (decimal 8004)
   defining Unicode char U+1F45 (decimal 8005)
   defining Unicode char U+1F48 (decimal 8008)
   defining Unicode char U+1F49 (decimal 8009)
   defining Unicode char U+1F4A (decimal 8010)
   defining Unicode char U+1F4B (decimal 8011)
   defining Unicode char U+1F4C (decimal 8012)
   defining Unicode char U+1F4D (decimal 8013)
   defining Unicode char U+1F50 (decimal 8016)
   defining Unicode char U+1F51 (decimal 8017)
   defining Unicode char U+1F52 (decimal 8018)
   defining Unicode char U+1F53 (decimal 8019)
   defining Unicode char U+1F54 (decimal 8020)
   defining Unicode char U+1F55 (decimal 8021)
   defining Unicode char U+1F56 (decimal 8022)
   defining Unicode char U+1F57 (decimal 8023)
   defining Unicode char U+1F59 (decimal 8025)
   defining Unicode char U+1F5B (decimal 8027)
   defining Unicode char U+1F5D (decimal 8029)
   defining Unicode char U+1F5F (decimal 8031)
   defining Unicode char U+1F60 (decimal 8032)
   defining Unicode char U+1F61 (decimal 8033)
   defining Unicode char U+1F62 (decimal 8034)
   defining Unicode char U+1F63 (decimal 8035)
   defining Unicode char U+1F64 (decimal 8036)
   defining Unicode char U+1F65 (decimal 8037)
   defining Unicode char U+1F66 (decimal 8038)
   defining Unicode char U+1F67 (decimal 8039)
   defining Unicode char U+1F68 (decimal 8040)
   defining Unicode char U+1F69 (decimal 8041)
   defining Unicode char U+1F6A (decimal 8042)
   defining Unicode char U+1F6B (decimal 8043)
   defining Unicode char U+1F6C (decimal 8044)
   defining Unicode char U+1F6D (decimal 8045)
   defining Unicode char U+1F6E (decimal 8046)
   defining Unicode char U+1F6F (decimal 8047)
   defining Unicode char U+1F70 (decimal 8048)
   defining Unicode char U+1F71 (decimal 8049)
   defining Unicode char U+1F72 (decimal 8050)
   defining Unicode char U+1F73 (decimal 8051)
   defining Unicode char U+1F74 (decimal 8052)
   defining Unicode char U+1F75 (decimal 8053)
   defining Unicode char U+1F76 (decimal 8054)
   defining Unicode char U+1F77 (decimal 8055)
   defining Unicode char U+1F78 (decimal 8056)
   defining Unicode char U+1F79 (decimal 8057)
   defining Unicode char U+1F7A (decimal 8058)
   defining Unicode char U+1F7B (decimal 8059)
   defining Unicode char U+1F7C (decimal 8060)
   defining Unicode char U+1F7D (decimal 8061)
   defining Unicode char U+1F80 (decimal 8064)
   defining Unicode char U+1F81 (decimal 8065)
   defining Unicode char U+1F82 (decimal 8066)
   defining Unicode char U+1F83 (decimal 8067)
   defining Unicode char U+1F84 (decimal 8068)
   defining Unicode char U+1F85 (decimal 8069)
   defining Unicode char U+1F86 (decimal 8070)
   defining Unicode char U+1F87 (decimal 8071)
   defining Unicode char U+1F88 (decimal 8072)
   defining Unicode char U+1F89 (decimal 8073)
   defining Unicode char U+1F8A (decimal 8074)
   defining Unicode char U+1F8B (decimal 8075)
   defining Unicode char U+1F8C (decimal 8076)
   defining Unicode char U+1F8D (decimal 8077)
   defining Unicode char U+1F8E (decimal 8078)
   defining Unicode char U+1F8F (decimal 8079)
   defining Unicode char U+1F90 (decimal 8080)
   defining Unicode char U+1F91 (decimal 8081)
   defining Unicode char U+1F92 (decimal 8082)
   defining Unicode char U+1F93 (decimal 8083)
   defining Unicode char U+1F94 (decimal 8084)
   defining Unicode char U+1F95 (decimal 8085)
   defining Unicode char U+1F96 (decimal 8086)
   defining Unicode char U+1F97 (decimal 8087)
   defining Unicode char U+1F98 (decimal 8088)
   defining Unicode char U+1F99 (decimal 8089)
   defining Unicode char U+1F9A (decimal 8090)
   defining Unicode char U+1F9B (decimal 8091)
   defining Unicode char U+1F9C (decimal 8092)
   defining Unicode char U+1F9D (decimal 8093)
   defining Unicode char U+1F9E (decimal 8094)
   defining Unicode char U+1F9F (decimal 8095)
   defining Unicode char U+1FA0 (decimal 8096)
   defining Unicode char U+1FA1 (decimal 8097)
   defining Unicode char U+1FA2 (decimal 8098)
   defining Unicode char U+1FA3 (decimal 8099)
   defining Unicode char U+1FA4 (decimal 8100)
   defining Unicode char U+1FA5 (decimal 8101)
   defining Unicode char U+1FA6 (decimal 8102)
   defining Unicode char U+1FA7 (decimal 8103)
   defining Unicode char U+1FA8 (decimal 8104)
   defining Unicode char U+1FA9 (decimal 8105)
   defining Unicode char U+1FAA (decimal 8106)
   defining Unicode char U+1FAB (decimal 8107)
   defining Unicode char U+1FAC (decimal 8108)
   defining Unicode char U+1FAD (decimal 8109)
   defining Unicode char U+1FAE (decimal 8110)
   defining Unicode char U+1FAF (decimal 8111)
   defining Unicode char U+1FB0 (decimal 8112)
   defining Unicode char U+1FB1 (decimal 8113)
   defining Unicode char U+1FB2 (decimal 8114)
   defining Unicode char U+1FB3 (decimal 8115)
   defining Unicode char U+1FB4 (decimal 8116)
   defining Unicode char U+1FB6 (decimal 8118)
   defining Unicode char U+1FB7 (decimal 8119)
   defining Unicode char U+1FB8 (decimal 8120)
   defining Unicode char U+1FB9 (decimal 8121)
   defining Unicode char U+1FBA (decimal 8122)
   defining Unicode char U+1FBB (decimal 8123)
   defining Unicode char U+1FBC (decimal 8124)
   defining Unicode char U+1FBD (decimal 8125)
   defining Unicode char U+1FBE (decimal 8126)
   defining Unicode char U+1FBF (decimal 8127)
   defining Unicode char U+1FC0 (decimal 8128)
   defining Unicode char U+1FC1 (decimal 8129)
   defining Unicode char U+1FC2 (decimal 8130)
   defining Unicode char U+1FC3 (decimal 8131)
   defining Unicode char U+1FC4 (decimal 8132)
   defining Unicode char U+1FC6 (decimal 8134)
   defining Unicode char U+1FC7 (decimal 8135)
   defining Unicode char U+1FC8 (decimal 8136)
   defining Unicode char U+1FC9 (decimal 8137)
   defining Unicode char U+1FCA (decimal 8138)
   defining Unicode char U+1FCB (decimal 8139)
   defining Unicode char U+1FCC (decimal 8140)
   defining Unicode char U+1FCD (decimal 8141)
   defining Unicode char U+1FCE (decimal 8142)
   defining Unicode char U+1FCF (decimal 8143)
   defining Unicode char U+1FD0 (decimal 8144)
   defining Unicode char U+1FD1 (decimal 8145)
   defining Unicode char U+1FD2 (decimal 8146)
   defining Unicode char U+1FD3 (decimal 8147)
   defining Unicode char U+1FD6 (decimal 8150)
   defining Unicode char U+1FD7 (decimal 8151)
   defining Unicode char U+1FD8 (decimal 8152)
   defining Unicode char U+1FD9 (decimal 8153)
   defining Unicode char U+1FDA (decimal 8154)
   defining Unicode char U+1FDB (decimal 8155)
   defining Unicode char U+1FDD (decimal 8157)
   defining Unicode char U+1FDE (decimal 8158)
   defining Unicode char U+1FDF (decimal 8159)
   defining Unicode char U+1FE0 (decimal 8160)
   defining Unicode char U+1FE1 (decimal 8161)
   defining Unicode char U+1FE2 (decimal 8162)
   defining Unicode char U+1FE3 (decimal 8163)
   defining Unicode char U+1FE4 (decimal 8164)
   defining Unicode char U+1FE5 (decimal 8165)
   defining Unicode char U+1FE6 (decimal 8166)
   defining Unicode char U+1FE7 (decimal 8167)
   defining Unicode char U+1FE8 (decimal 8168)
   defining Unicode char U+1FE9 (decimal 8169)
   defining Unicode char U+1FEA (decimal 8170)
   defining Unicode char U+1FEB (decimal 8171)
   defining Unicode char U+1FEC (decimal 8172)
   defining Unicode char U+1FED (decimal 8173)
   defining Unicode char U+1FEE (decimal 8174)
   defining Unicode char U+1FEF (decimal 8175)
   defining Unicode char U+1FF2 (decimal 8178)
   defining Unicode char U+1FF3 (decimal 8179)
   defining Unicode char U+1FF4 (decimal 8180)
   defining Unicode char U+1FF6 (decimal 8182)
   defining Unicode char U+1FF7 (decimal 8183)
   defining Unicode char U+1FF8 (decimal 8184)
   defining Unicode char U+1FF9 (decimal 8185)
   defining Unicode char U+1FFA (decimal 8186)
   defining Unicode char U+1FFB (decimal 8187)
   defining Unicode char U+1FFC (decimal 8188)
   defining Unicode char U+1FFD (decimal 8189)
   defining Unicode char U+1FFE (decimal 8190)
   defining Unicode char U+2013 (decimal 8211)
   defining Unicode char U+2014 (decimal 8212)
   defining Unicode char U+2018 (decimal 8216)
   defining Unicode char U+2019 (decimal 8217)
   defining Unicode char U+2030 (decimal 8240)
   defining Unicode char U+20AC (decimal 8364)
   defining Unicode char U+2126 (decimal 8486)
   defining Unicode char U+10144 (decimal 65860)
   defining Unicode char U+10145 (decimal 65861)
   defining Unicode char U+10146 (decimal 65862)
   defining Unicode char U+10147 (decimal 65863)
)
("C:\Users\giannis\AppData\Local\Programs\MiKTeX 2.9\tex\latex\greek-fontenc\gr
eek-fontenc.def"
File: greek-fontenc.def 2015/08/04 v0.13 Common Greek font encoding definitions

))
LaTeX Info: Composite with undeclared \< in encoding LGR on input line 418.
LaTeX Info: Composite with undeclared \> in encoding LGR on input line 418.
))
("C:\Users\giannis\AppData\Local\Programs\MiKTeX 2.9\tex\latex\amsmath\amsmath.
sty"
Package: amsmath 2017/09/02 v2.17a AMS math features
\@mathmargin=\skip43

For additional information on amsmath, use the `?' option.

("C:\Users\giannis\AppData\Local\Programs\MiKTeX 2.9\tex\latex\amsmath\amstext.
sty"
Package: amstext 2000/06/29 v2.01 AMS text

("C:\Users\giannis\AppData\Local\Programs\MiKTeX 2.9\tex\latex\amsmath\amsgen.s
ty"
File: amsgen.sty 1999/11/30 v2.0 generic functions
\@emptytoks=\toks16
\ex@=\dimen104
))
("C:\Users\giannis\AppData\Local\Programs\MiKTeX 2.9\tex\latex\amsmath\amsbsy.s
ty"
Package: amsbsy 1999/11/29 v1.2d Bold Symbols
\pmbraise@=\dimen105
)
("C:\Users\giannis\AppData\Local\Programs\MiKTeX 2.9\tex\latex\amsmath\amsopn.s
ty"
Package: amsopn 2016/03/08 v2.02 operator names
)
\inf@bad=\count93
LaTeX Info: Redefining \frac on input line 213.
\uproot@=\count94
\leftroot@=\count95
LaTeX Info: Redefining \overline on input line 375.
\classnum@=\count96
\DOTSCASE@=\count97
LaTeX Info: Redefining \ldots on input line 472.
LaTeX Info: Redefining \dots on input line 475.
LaTeX Info: Redefining \cdots on input line 596.
\Mathstrutbox@=\box26
\strutbox@=\box27
\big@size=\dimen106
LaTeX Font Info:    Redeclaring font encoding OML on input line 712.
LaTeX Font Info:    Redeclaring font encoding OMS on input line 713.
\macc@depth=\count98
\c@MaxMatrixCols=\count99
\dotsspace@=\muskip10
\c@parentequation=\count100
\dspbrk@lvl=\count101
\tag@help=\toks17
\row@=\count102
\column@=\count103
\maxfields@=\count104
\andhelp@=\toks18
\eqnshift@=\dimen107
\alignsep@=\dimen108
\tagshift@=\dimen109
\tagwidth@=\dimen110
\totwidth@=\dimen111
\lineht@=\dimen112
\@envbody=\toks19
\multlinegap=\skip44
\multlinetaggap=\skip45
\mathdisplay@stack=\toks20
LaTeX Info: Redefining \[ on input line 2817.
LaTeX Info: Redefining \] on input line 2818.
)
("C:\Users\giannis\AppData\Local\Programs\MiKTeX 2.9\tex\latex\amsfonts\amssymb
.sty"
Package: amssymb 2013/01/14 v3.01 AMS font symbols

("C:\Users\giannis\AppData\Local\Programs\MiKTeX 2.9\tex\latex\amsfonts\amsfont
s.sty"
Package: amsfonts 2013/01/14 v3.01 Basic AMSFonts support
\symAMSa=\mathgroup4
\symAMSb=\mathgroup5
LaTeX Font Info:    Overwriting math alphabet `\mathfrak' in version `bold'
(Font)                  U/euf/m/n --> U/euf/b/n on input line 106.
))
("C:\Users\giannis\AppData\Local\Programs\MiKTeX 2.9\tex\latex\pgf\frontendlaye
r\tikz.sty"
("C:\Users\giannis\AppData\Local\Programs\MiKTeX 2.9\tex\latex\pgf\basiclayer\p
gf.sty"
("C:\Users\giannis\AppData\Local\Programs\MiKTeX 2.9\tex\latex\pgf\utilities\pg
frcs.sty"
("C:\Users\giannis\AppData\Local\Programs\MiKTeX 2.9\tex\generic\pgf\utilities\
pgfutil-common.tex"
\pgfutil@everybye=\toks21
\pgfutil@tempdima=\dimen113
\pgfutil@tempdimb=\dimen114

("C:\Users\giannis\AppData\Local\Programs\MiKTeX 2.9\tex\generic\pgf\utilities\
pgfutil-common-lists.tex"))
("C:\Users\giannis\AppData\Local\Programs\MiKTeX 2.9\tex\generic\pgf\utilities\
pgfutil-latex.def"
\pgfutil@abb=\box28

("C:\Users\giannis\AppData\Local\Programs\MiKTeX 2.9\tex\latex\ms\everyshi.sty"
Package: everyshi 2001/05/15 v3.00 EveryShipout Package (MS)
))
("C:\Users\giannis\AppData\Local\Programs\MiKTeX 2.9\tex\generic\pgf\utilities\
pgfrcs.code.tex"
Package: pgfrcs 2015/08/07 v3.0.1a (rcs-revision 1.31)
))
Package: pgf 2015/08/07 v3.0.1a (rcs-revision 1.15)

("C:\Users\giannis\AppData\Local\Programs\MiKTeX 2.9\tex\latex\pgf\basiclayer\p
gfcore.sty"
("C:\Users\giannis\AppData\Local\Programs\MiKTeX 2.9\tex\latex\graphics\graphic
x.sty"
Package: graphicx 2017/06/01 v1.1a Enhanced LaTeX Graphics (DPC,SPQR)

("C:\Users\giannis\AppData\Local\Programs\MiKTeX 2.9\tex\latex\graphics\keyval.
sty"
Package: keyval 2014/10/28 v1.15 key=value parser (DPC)
\KV@toks@=\toks22
)
("C:\Users\giannis\AppData\Local\Programs\MiKTeX 2.9\tex\latex\graphics\graphic
s.sty"
Package: graphics 2017/06/25 v1.2c Standard LaTeX Graphics (DPC,SPQR)

("C:\Users\giannis\AppData\Local\Programs\MiKTeX 2.9\tex\latex\graphics\trig.st
y"
Package: trig 2016/01/03 v1.10 sin cos tan (DPC)
)
("C:\Users\giannis\AppData\Local\Programs\MiKTeX 2.9\tex\latex\graphics-cfg\gra
phics.cfg"
File: graphics.cfg 2016/06/04 v1.11 sample graphics configuration
)
Package graphics Info: Driver file: pdftex.def on input line 99.

("C:\Users\giannis\AppData\Local\Programs\MiKTeX 2.9\tex\latex\graphics-def\pdf
tex.def"
File: pdftex.def 2018/01/08 v1.0l Graphics/color driver for pdftex
))
\Gin@req@height=\dimen115
\Gin@req@width=\dimen116
)
("C:\Users\giannis\AppData\Local\Programs\MiKTeX 2.9\tex\latex\pgf\systemlayer\
pgfsys.sty"
("C:\Users\giannis\AppData\Local\Programs\MiKTeX 2.9\tex\generic\pgf\systemlaye
r\pgfsys.code.tex"
Package: pgfsys 2014/07/09 v3.0.1a (rcs-revision 1.48)

("C:\Users\giannis\AppData\Local\Programs\MiKTeX 2.9\tex\generic\pgf\utilities\
pgfkeys.code.tex"
\pgfkeys@pathtoks=\toks23
\pgfkeys@temptoks=\toks24

("C:\Users\giannis\AppData\Local\Programs\MiKTeX 2.9\tex\generic\pgf\utilities\
pgfkeysfiltered.code.tex"
\pgfkeys@tmptoks=\toks25
))
\pgf@x=\dimen117
\pgf@y=\dimen118
\pgf@xa=\dimen119
\pgf@ya=\dimen120
\pgf@xb=\dimen121
\pgf@yb=\dimen122
\pgf@xc=\dimen123
\pgf@yc=\dimen124
\w@pgf@writea=\write3
\r@pgf@reada=\read1
\c@pgf@counta=\count105
\c@pgf@countb=\count106
\c@pgf@countc=\count107
\c@pgf@countd=\count108
\t@pgf@toka=\toks26
\t@pgf@tokb=\toks27
\t@pgf@tokc=\toks28

("C:\Users\giannis\AppData\Local\Programs\MiKTeX 2.9\tex\generic\pgf\systemlaye
r\pgf.cfg"
File: pgf.cfg 2008/05/14  (rcs-revision 1.7)
)
Driver file for pgf: pgfsys-pdftex.def

("C:\Users\giannis\AppData\Local\Programs\MiKTeX 2.9\tex\generic\pgf\systemlaye
r\pgfsys-pdftex.def"
File: pgfsys-pdftex.def 2014/10/11  (rcs-revision 1.35)

("C:\Users\giannis\AppData\Local\Programs\MiKTeX 2.9\tex\generic\pgf\systemlaye
r\pgfsys-common-pdf.def"
File: pgfsys-common-pdf.def 2013/10/10  (rcs-revision 1.13)
)))
("C:\Users\giannis\AppData\Local\Programs\MiKTeX 2.9\tex\generic\pgf\systemlaye
r\pgfsyssoftpath.code.tex"
File: pgfsyssoftpath.code.tex 2013/09/09  (rcs-revision 1.9)
\pgfsyssoftpath@smallbuffer@items=\count109
\pgfsyssoftpath@bigbuffer@items=\count110
)
("C:\Users\giannis\AppData\Local\Programs\MiKTeX 2.9\tex\generic\pgf\systemlaye
r\pgfsysprotocol.code.tex"
File: pgfsysprotocol.code.tex 2006/10/16  (rcs-revision 1.4)
))
("C:\Users\giannis\AppData\Local\Programs\MiKTeX 2.9\tex\latex\xcolor\xcolor.st
y"
Package: xcolor 2016/05/11 v2.12 LaTeX color extensions (UK)

("C:\Users\giannis\AppData\Local\Programs\MiKTeX 2.9\tex\latex\graphics-cfg\col
or.cfg"
File: color.cfg 2016/01/02 v1.6 sample color configuration
)
Package xcolor Info: Driver file: pdftex.def on input line 225.
Package xcolor Info: Model `cmy' substituted by `cmy0' on input line 1348.
Package xcolor Info: Model `hsb' substituted by `rgb' on input line 1352.
Package xcolor Info: Model `RGB' extended on input line 1364.
Package xcolor Info: Model `HTML' substituted by `rgb' on input line 1366.
Package xcolor Info: Model `Hsb' substituted by `hsb' on input line 1367.
Package xcolor Info: Model `tHsb' substituted by `hsb' on input line 1368.
Package xcolor Info: Model `HSB' substituted by `hsb' on input line 1369.
Package xcolor Info: Model `Gray' substituted by `gray' on input line 1370.
Package xcolor Info: Model `wave' substituted by `hsb' on input line 1371.
)
("C:\Users\giannis\AppData\Local\Programs\MiKTeX 2.9\tex\generic\pgf\basiclayer
\pgfcore.code.tex"
Package: pgfcore 2010/04/11 v3.0.1a (rcs-revision 1.7)

("C:\Users\giannis\AppData\Local\Programs\MiKTeX 2.9\tex\generic\pgf\math\pgfma
th.code.tex"
("C:\Users\giannis\AppData\Local\Programs\MiKTeX 2.9\tex\generic\pgf\math\pgfma
thcalc.code.tex"
("C:\Users\giannis\AppData\Local\Programs\MiKTeX 2.9\tex\generic\pgf\math\pgfma
thutil.code.tex")
("C:\Users\giannis\AppData\Local\Programs\MiKTeX 2.9\tex\generic\pgf\math\pgfma
thparser.code.tex"
\pgfmath@dimen=\dimen125
\pgfmath@count=\count111
\pgfmath@box=\box29
\pgfmath@toks=\toks29
\pgfmath@stack@operand=\toks30
\pgfmath@stack@operation=\toks31
)
("C:\Users\giannis\AppData\Local\Programs\MiKTeX 2.9\tex\generic\pgf\math\pgfma
thfunctions.code.tex"
("C:\Users\giannis\AppData\Local\Programs\MiKTeX 2.9\tex\generic\pgf\math\pgfma
thfunctions.basic.code.tex")
("C:\Users\giannis\AppData\Local\Programs\MiKTeX 2.9\tex\generic\pgf\math\pgfma
thfunctions.trigonometric.code.tex")
("C:\Users\giannis\AppData\Local\Programs\MiKTeX 2.9\tex\generic\pgf\math\pgfma
thfunctions.random.code.tex")
("C:\Users\giannis\AppData\Local\Programs\MiKTeX 2.9\tex\generic\pgf\math\pgfma
thfunctions.comparison.code.tex")
("C:\Users\giannis\AppData\Local\Programs\MiKTeX 2.9\tex\generic\pgf\math\pgfma
thfunctions.base.code.tex")
("C:\Users\giannis\AppData\Local\Programs\MiKTeX 2.9\tex\generic\pgf\math\pgfma
thfunctions.round.code.tex")
("C:\Users\giannis\AppData\Local\Programs\MiKTeX 2.9\tex\generic\pgf\math\pgfma
thfunctions.misc.code.tex")
("C:\Users\giannis\AppData\Local\Programs\MiKTeX 2.9\tex\generic\pgf\math\pgfma
thfunctions.integerarithmetics.code.tex")))
("C:\Users\giannis\AppData\Local\Programs\MiKTeX 2.9\tex\generic\pgf\math\pgfma
thfloat.code.tex"
\c@pgfmathroundto@lastzeros=\count112
))
("C:\Users\giannis\AppData\Local\Programs\MiKTeX 2.9\tex\generic\pgf\basiclayer
\pgfcorepoints.code.tex"
File: pgfcorepoints.code.tex 2013/10/07  (rcs-revision 1.27)
\pgf@picminx=\dimen126
\pgf@picmaxx=\dimen127
\pgf@picminy=\dimen128
\pgf@picmaxy=\dimen129
\pgf@pathminx=\dimen130
\pgf@pathmaxx=\dimen131
\pgf@pathminy=\dimen132
\pgf@pathmaxy=\dimen133
\pgf@xx=\dimen134
\pgf@xy=\dimen135
\pgf@yx=\dimen136
\pgf@yy=\dimen137
\pgf@zx=\dimen138
\pgf@zy=\dimen139
)
("C:\Users\giannis\AppData\Local\Programs\MiKTeX 2.9\tex\generic\pgf\basiclayer
\pgfcorepathconstruct.code.tex"
File: pgfcorepathconstruct.code.tex 2013/10/07  (rcs-revision 1.29)
\pgf@path@lastx=\dimen140
\pgf@path@lasty=\dimen141
)
("C:\Users\giannis\AppData\Local\Programs\MiKTeX 2.9\tex\generic\pgf\basiclayer
\pgfcorepathusage.code.tex"
File: pgfcorepathusage.code.tex 2014/11/02  (rcs-revision 1.24)
\pgf@shorten@end@additional=\dimen142
\pgf@shorten@start@additional=\dimen143
)
("C:\Users\giannis\AppData\Local\Programs\MiKTeX 2.9\tex\generic\pgf\basiclayer
\pgfcorescopes.code.tex"
File: pgfcorescopes.code.tex 2015/05/08  (rcs-revision 1.46)
\pgfpic=\box30
\pgf@hbox=\box31
\pgf@layerbox@main=\box32
\pgf@picture@serial@count=\count113
)
("C:\Users\giannis\AppData\Local\Programs\MiKTeX 2.9\tex\generic\pgf\basiclayer
\pgfcoregraphicstate.code.tex"
File: pgfcoregraphicstate.code.tex 2014/11/02  (rcs-revision 1.12)
\pgflinewidth=\dimen144
)
("C:\Users\giannis\AppData\Local\Programs\MiKTeX 2.9\tex\generic\pgf\basiclayer
\pgfcoretransformations.code.tex"
File: pgfcoretransformations.code.tex 2015/08/07  (rcs-revision 1.20)
\pgf@pt@x=\dimen145
\pgf@pt@y=\dimen146
\pgf@pt@temp=\dimen147
)
("C:\Users\giannis\AppData\Local\Programs\MiKTeX 2.9\tex\generic\pgf\basiclayer
\pgfcorequick.code.tex"
File: pgfcorequick.code.tex 2008/10/09  (rcs-revision 1.3)
)
("C:\Users\giannis\AppData\Local\Programs\MiKTeX 2.9\tex\generic\pgf\basiclayer
\pgfcoreobjects.code.tex"
File: pgfcoreobjects.code.tex 2006/10/11  (rcs-revision 1.2)
)
("C:\Users\giannis\AppData\Local\Programs\MiKTeX 2.9\tex\generic\pgf\basiclayer
\pgfcorepathprocessing.code.tex"
File: pgfcorepathprocessing.code.tex 2013/09/09  (rcs-revision 1.9)
)
("C:\Users\giannis\AppData\Local\Programs\MiKTeX 2.9\tex\generic\pgf\basiclayer
\pgfcorearrows.code.tex"
File: pgfcorearrows.code.tex 2015/05/14  (rcs-revision 1.43)
\pgfarrowsep=\dimen148
)
("C:\Users\giannis\AppData\Local\Programs\MiKTeX 2.9\tex\generic\pgf\basiclayer
\pgfcoreshade.code.tex"
File: pgfcoreshade.code.tex 2013/07/15  (rcs-revision 1.15)
\pgf@max=\dimen149
\pgf@sys@shading@range@num=\count114
)
("C:\Users\giannis\AppData\Local\Programs\MiKTeX 2.9\tex\generic\pgf\basiclayer
\pgfcoreimage.code.tex"
File: pgfcoreimage.code.tex 2013/07/15  (rcs-revision 1.18)

("C:\Users\giannis\AppData\Local\Programs\MiKTeX 2.9\tex\generic\pgf\basiclayer
\pgfcoreexternal.code.tex"
File: pgfcoreexternal.code.tex 2014/07/09  (rcs-revision 1.21)
\pgfexternal@startupbox=\box33
))
("C:\Users\giannis\AppData\Local\Programs\MiKTeX 2.9\tex\generic\pgf\basiclayer
\pgfcorelayers.code.tex"
File: pgfcorelayers.code.tex 2013/07/18  (rcs-revision 1.7)
)
("C:\Users\giannis\AppData\Local\Programs\MiKTeX 2.9\tex\generic\pgf\basiclayer
\pgfcoretransparency.code.tex"
File: pgfcoretransparency.code.tex 2013/09/30  (rcs-revision 1.5)
)
("C:\Users\giannis\AppData\Local\Programs\MiKTeX 2.9\tex\generic\pgf\basiclayer
\pgfcorepatterns.code.tex"
File: pgfcorepatterns.code.tex 2013/11/07  (rcs-revision 1.5)
)))
("C:\Users\giannis\AppData\Local\Programs\MiKTeX 2.9\tex\generic\pgf\modules\pg
fmoduleshapes.code.tex"
File: pgfmoduleshapes.code.tex 2014/03/21  (rcs-revision 1.35)
\pgfnodeparttextbox=\box34
)
("C:\Users\giannis\AppData\Local\Programs\MiKTeX 2.9\tex\generic\pgf\modules\pg
fmoduleplot.code.tex"
File: pgfmoduleplot.code.tex 2015/08/03  (rcs-revision 1.13)
)
("C:\Users\giannis\AppData\Local\Programs\MiKTeX 2.9\tex\latex\pgf\compatibilit
y\pgfcomp-version-0-65.sty"
Package: pgfcomp-version-0-65 2007/07/03 v3.0.1a (rcs-revision 1.7)
\pgf@nodesepstart=\dimen150
\pgf@nodesepend=\dimen151
)
("C:\Users\giannis\AppData\Local\Programs\MiKTeX 2.9\tex\latex\pgf\compatibilit
y\pgfcomp-version-1-18.sty"
Package: pgfcomp-version-1-18 2007/07/23 v3.0.1a (rcs-revision 1.1)
))
("C:\Users\giannis\AppData\Local\Programs\MiKTeX 2.9\tex\latex\pgf\utilities\pg
ffor.sty"
("C:\Users\giannis\AppData\Local\Programs\MiKTeX 2.9\tex\latex\pgf\utilities\pg
fkeys.sty"
("C:\Users\giannis\AppData\Local\Programs\MiKTeX 2.9\tex\generic\pgf\utilities\
pgfkeys.code.tex"))
("C:\Users\giannis\AppData\Local\Programs\MiKTeX 2.9\tex\latex\pgf\math\pgfmath
.sty"
("C:\Users\giannis\AppData\Local\Programs\MiKTeX 2.9\tex\generic\pgf\math\pgfma
th.code.tex"))
("C:\Users\giannis\AppData\Local\Programs\MiKTeX 2.9\tex\generic\pgf\utilities\
pgffor.code.tex"
Package: pgffor 2013/12/13 v3.0.1a (rcs-revision 1.25)

("C:\Users\giannis\AppData\Local\Programs\MiKTeX 2.9\tex\generic\pgf\math\pgfma
th.code.tex")
\pgffor@iter=\dimen152
\pgffor@skip=\dimen153
\pgffor@stack=\toks32
\pgffor@toks=\toks33
))
("C:\Users\giannis\AppData\Local\Programs\MiKTeX 2.9\tex\generic\pgf\frontendla
yer\tikz\tikz.code.tex"
Package: tikz 2015/08/07 v3.0.1a (rcs-revision 1.151)

("C:\Users\giannis\AppData\Local\Programs\MiKTeX 2.9\tex\generic\pgf\libraries\
pgflibraryplothandlers.code.tex"
File: pgflibraryplothandlers.code.tex 2013/08/31 v3.0.1a (rcs-revision 1.20)
\pgf@plot@mark@count=\count115
\pgfplotmarksize=\dimen154
)
\tikz@lastx=\dimen155
\tikz@lasty=\dimen156
\tikz@lastxsaved=\dimen157
\tikz@lastysaved=\dimen158
\tikzleveldistance=\dimen159
\tikzsiblingdistance=\dimen160
\tikz@figbox=\box35
\tikz@figbox@bg=\box36
\tikz@tempbox=\box37
\tikz@tempbox@bg=\box38
\tikztreelevel=\count116
\tikznumberofchildren=\count117
\tikznumberofcurrentchild=\count118
\tikz@fig@count=\count119

("C:\Users\giannis\AppData\Local\Programs\MiKTeX 2.9\tex\generic\pgf\modules\pg
fmodulematrix.code.tex"
File: pgfmodulematrix.code.tex 2013/09/17  (rcs-revision 1.8)
\pgfmatrixcurrentrow=\count120
\pgfmatrixcurrentcolumn=\count121
\pgf@matrix@numberofcolumns=\count122
)
\tikz@expandcount=\count123

("C:\Users\giannis\AppData\Local\Programs\MiKTeX 2.9\tex\generic\pgf\frontendla
yer\tikz\libraries\tikzlibrarytopaths.code.tex"
File: tikzlibrarytopaths.code.tex 2008/06/17 v3.0.1a (rcs-revision 1.2)
)))
("C:\Users\giannis\AppData\Local\Programs\MiKTeX 2.9\tex\latex\spalign\spalign.
sty"
Package: spalign 2016/10/05 aligns delimited by spaces

("C:\Users\giannis\AppData\Local\Programs\MiKTeX 2.9\tex\latex\oberdiek\kvoptio
ns.sty"
Package: kvoptions 2016/05/16 v3.12 Key value format for package options (HO)

("C:\Users\giannis\AppData\Local\Programs\MiKTeX 2.9\tex\generic\oberdiek\ltxcm
ds.sty"
Package: ltxcmds 2016/05/16 v1.23 LaTeX kernel commands for general use (HO)
)
("C:\Users\giannis\AppData\Local\Programs\MiKTeX 2.9\tex\generic\oberdiek\kvset
keys.sty"
Package: kvsetkeys 2016/05/16 v1.17 Key value parser (HO)

("C:\Users\giannis\AppData\Local\Programs\MiKTeX 2.9\tex\generic\oberdiek\infwa
rerr.sty"
Package: infwarerr 2016/05/16 v1.4 Providing info/warning/error messages (HO)
)
("C:\Users\giannis\AppData\Local\Programs\MiKTeX 2.9\tex\generic\oberdiek\etexc
mds.sty"
Package: etexcmds 2016/05/16 v1.6 Avoid name clashes with e-TeX commands (HO)

("C:\Users\giannis\AppData\Local\Programs\MiKTeX 2.9\tex\generic\oberdiek\iflua
tex.sty"
Package: ifluatex 2016/05/16 v1.4 Provides the ifluatex switch (HO)
Package ifluatex Info: LuaTeX not detected.
)
Package etexcmds Info: Could not find \expanded.
(etexcmds)             That can mean that you are not using pdfTeX 1.50 or
(etexcmds)             that some package has redefined \expanded.
(etexcmds)             In the latter case, load this package earlier.
)))
\spalignsystabspace=\dimen161
\spalign@curcols=\count124
\spaligntoks=\toks34
\spalignmaxcols=\count125
)
("C:\Users\giannis\AppData\Local\Programs\MiKTeX 2.9\tex\latex\cancel\cancel.st
y"
Package: cancel 2013/04/12 v2.2 Cancel math terms
)
("C:\Users\giannis\AppData\Local\Programs\MiKTeX 2.9\tex\latex\mathtools\mathto
ols.sty"
Package: mathtools 2018/01/08 v1.21 mathematical typesetting tools

("C:\Users\giannis\AppData\Local\Programs\MiKTeX 2.9\tex\latex\tools\calc.sty"
Package: calc 2017/05/25 v4.3 Infix arithmetic (KKT,FJ)
\calc@Acount=\count126
\calc@Bcount=\count127
\calc@Adimen=\dimen162
\calc@Bdimen=\dimen163
\calc@Askip=\skip46
\calc@Bskip=\skip47
LaTeX Info: Redefining \setlength on input line 80.
LaTeX Info: Redefining \addtolength on input line 81.
\calc@Ccount=\count128
\calc@Cskip=\skip48
)
("C:\Users\giannis\AppData\Local\Programs\MiKTeX 2.9\tex\latex\mathtools\mhsetu
p.sty"
Package: mhsetup 2017/03/31 v1.3 programming setup (MH)
)
LaTeX Info: Thecontrolsequence`\('isalreadyrobust on input line 129.
LaTeX Info: Thecontrolsequence`\)'isalreadyrobust on input line 129.
LaTeX Info: Thecontrolsequence`\['isalreadyrobust on input line 129.
LaTeX Info: Thecontrolsequence`\]'isalreadyrobust on input line 129.
\g_MT_multlinerow_int=\count129
\l_MT_multwidth_dim=\dimen164
\origjot=\skip49
\l_MT_shortvdotswithinadjustabove_dim=\dimen165
\l_MT_shortvdotswithinadjustbelow_dim=\dimen166
\l_MT_above_intertext_sep=\dimen167
\l_MT_below_intertext_sep=\dimen168
\l_MT_above_shortintertext_sep=\dimen169
\l_MT_below_shortintertext_sep=\dimen170
)
("C:\Users\giannis\AppData\Local\Programs\MiKTeX 2.9\tex\latex\hyperref\hyperre
f.sty"
Package: hyperref 2018/09/30 v6.88a Hypertext links for LaTeX

("C:\Users\giannis\AppData\Local\Programs\MiKTeX 2.9\tex\generic\oberdiek\hobsu
b-hyperref.sty"
Package: hobsub-hyperref 2016/05/16 v1.14 Bundle oberdiek, subset hyperref (HO)


("C:\Users\giannis\AppData\Local\Programs\MiKTeX 2.9\tex\generic\oberdiek\hobsu
b-generic.sty"
Package: hobsub-generic 2016/05/16 v1.14 Bundle oberdiek, subset generic (HO)
Package: hobsub 2016/05/16 v1.14 Construct package bundles (HO)
Package hobsub Info: Skipping package `infwarerr' (already loaded).
Package hobsub Info: Skipping package `ltxcmds' (already loaded).
Package hobsub Info: Skipping package `ifluatex' (already loaded).
Package: ifvtex 2016/05/16 v1.6 Detect VTeX and its facilities (HO)
Package ifvtex Info: VTeX not detected.
Package: intcalc 2016/05/16 v1.2 Expandable calculations with integers (HO)
Package: ifpdf 2018/09/07 v3.3 Provides the ifpdf switch
Package hobsub Info: Skipping package `etexcmds' (already loaded).
Package hobsub Info: Skipping package `kvsetkeys' (already loaded).
Package: kvdefinekeys 2016/05/16 v1.4 Define keys (HO)
Package: pdftexcmds 2018/09/10 v0.29 Utility functions of pdfTeX for LuaTeX (HO
)
Package pdftexcmds Info: LuaTeX not detected.
Package pdftexcmds Info: \pdf@primitive is available.
Package pdftexcmds Info: \pdf@ifprimitive is available.
Package pdftexcmds Info: \pdfdraftmode found.
Package: pdfescape 2016/05/16 v1.14 Implements pdfTeX's escape features (HO)
Package: bigintcalc 2016/05/16 v1.4 Expandable calculations on big integers (HO
)
Package: bitset 2016/05/16 v1.2 Handle bit-vector datatype (HO)
Package: uniquecounter 2016/05/16 v1.3 Provide unlimited unique counter (HO)
)
Package hobsub Info: Skipping package `hobsub' (already loaded).
Package: letltxmacro 2016/05/16 v1.5 Let assignment for LaTeX macros (HO)
Package: hopatch 2016/05/16 v1.3 Wrapper for package hooks (HO)
Package: xcolor-patch 2016/05/16 xcolor patch
Package: atveryend 2016/05/16 v1.9 Hooks at the very end of document (HO)
Package atveryend Info: \enddocument detected (standard20110627).
Package: atbegshi 2016/06/09 v1.18 At begin shipout hook (HO)
Package: refcount 2016/05/16 v3.5 Data extraction from label references (HO)
Package: hycolor 2016/05/16 v1.8 Color options for hyperref/bookmark (HO)
)
("C:\Users\giannis\AppData\Local\Programs\MiKTeX 2.9\tex\generic\ifxetex\ifxete
x.sty"
Package: ifxetex 2010/09/12 v0.6 Provides ifxetex conditional
)
("C:\Users\giannis\AppData\Local\Programs\MiKTeX 2.9\tex\latex\oberdiek\auxhook
.sty"
Package: auxhook 2016/05/16 v1.4 Hooks for auxiliary files (HO)
)
\@linkdim=\dimen171
\Hy@linkcounter=\count130
\Hy@pagecounter=\count131

("C:\Users\giannis\AppData\Local\Programs\MiKTeX 2.9\tex\latex\hyperref\pd1enc.
def"
File: pd1enc.def 2018/09/30 v6.88a Hyperref: PDFDocEncoding definition (HO)
Now handling font encoding PD1 ...
... no UTF-8 mapping file for font encoding PD1
)
\Hy@SavedSpaceFactor=\count132

("C:\Users\giannis\AppData\Local\Programs\MiKTeX 2.9\tex\latex\00miktex\hyperre
f.cfg"
File: hyperref.cfg 2002/06/06 v1.2 hyperref configuration of TeXLive
)
Package hyperref Info: Option `unicode' set `true' on input line 4409.

("C:\Users\giannis\AppData\Local\Programs\MiKTeX 2.9\tex\latex\hyperref\puenc.d
ef"
File: puenc.def 2018/09/30 v6.88a Hyperref: PDF Unicode definition (HO)
Now handling font encoding PU ...
... no UTF-8 mapping file for font encoding PU
)
Package hyperref Info: Hyper figures OFF on input line 4535.
Package hyperref Info: Link nesting OFF on input line 4540.
Package hyperref Info: Hyper index ON on input line 4543.
Package hyperref Info: Plain pages OFF on input line 4550.
Package hyperref Info: Backreferencing OFF on input line 4555.
Package hyperref Info: Implicit mode ON; LaTeX internals redefined.
Package hyperref Info: Bookmarks ON on input line 4788.
\c@Hy@tempcnt=\count133
 ("C:\Users\giannis\AppData\Local\Programs\MiKTeX 2.9\tex\latex\url\url.sty"
\Urlmuskip=\muskip11
Package: url 2013/09/16  ver 3.4  Verb mode for urls, etc.
)
LaTeX Info: Redefining \url on input line 5141.
\XeTeXLinkMargin=\dimen172
\Fld@menulength=\count134
\Field@Width=\dimen173
\Fld@charsize=\dimen174
Package hyperref Info: Hyper figures OFF on input line 6396.
Package hyperref Info: Link nesting OFF on input line 6401.
Package hyperref Info: Hyper index ON on input line 6404.
Package hyperref Info: backreferencing OFF on input line 6411.
Package hyperref Info: Link coloring OFF on input line 6416.
Package hyperref Info: Link coloring with OCG OFF on input line 6421.
Package hyperref Info: PDF/A mode OFF on input line 6426.
LaTeX Info: Redefining \ref on input line 6466.
LaTeX Info: Redefining \pageref on input line 6470.
\Hy@abspage=\count135
\c@Item=\count136
\c@Hfootnote=\count137
)
Package hyperref Info: Driver (autodetected): hpdftex.

("C:\Users\giannis\AppData\Local\Programs\MiKTeX 2.9\tex\latex\hyperref\hpdftex
.def"
File: hpdftex.def 2018/09/30 v6.88a Hyperref driver for pdfTeX
\Fld@listcount=\count138
\c@bookmark@seq@number=\count139

("C:\Users\giannis\AppData\Local\Programs\MiKTeX 2.9\tex\latex\oberdiek\rerunfi
lecheck.sty"
Package: rerunfilecheck 2016/05/16 v1.8 Rerun checks for auxiliary files (HO)
Package uniquecounter Info: New unique counter `rerunfilecheck' on input line 2
82.
)
\Hy@SectionHShift=\skip50
)
("C:\Users\giannis\AppData\Local\Programs\MiKTeX 2.9\tex\latex\oberdiek\bookmar
k.sty"
Package: bookmark 2016/05/17 v1.26 PDF bookmarks (HO)

("C:\Users\giannis\AppData\Local\Programs\MiKTeX 2.9\tex\latex\oberdiek\bkm-pdf
tex.def"
File: bkm-pdftex.def 2016/05/17 v1.26 bookmark driver for pdfTeX (HO)
\BKM@id=\count140
)) (final.aux
LaTeX Font Info:    Try loading font information for LGR+cmr on input line 20.

("C:\Users\giannis\AppData\Local\Programs\MiKTeX 2.9\tex\latex\cbfonts-fd\lgrcm
r.fd"
File: lgrcmr.fd 2017/07/29 v1.2 Greek European Computer Regular
))
\openout1 = `final.aux'.

LaTeX Font Info:    Checking defaults for OML/cmm/m/it on input line 20.
LaTeX Font Info:    ... okay on input line 20.
LaTeX Font Info:    Checking defaults for T1/cmr/m/n on input line 20.
LaTeX Font Info:    ... okay on input line 20.
LaTeX Font Info:    Checking defaults for OT1/cmr/m/n on input line 20.
LaTeX Font Info:    ... okay on input line 20.
LaTeX Font Info:    Checking defaults for OMS/cmsy/m/n on input line 20.
LaTeX Font Info:    ... okay on input line 20.
LaTeX Font Info:    Checking defaults for OMX/cmex/m/n on input line 20.
LaTeX Font Info:    ... okay on input line 20.
LaTeX Font Info:    Checking defaults for U/cmr/m/n on input line 20.
LaTeX Font Info:    ... okay on input line 20.
LaTeX Font Info:    Checking defaults for LGR/cmr/m/n on input line 20.
LaTeX Font Info:    ... okay on input line 20.
LaTeX Font Info:    Checking defaults for PD1/pdf/m/n on input line 20.
LaTeX Font Info:    ... okay on input line 20.
LaTeX Font Info:    Checking defaults for PU/pdf/m/n on input line 20.
LaTeX Font Info:    ... okay on input line 20.
 ABD: EveryShipout initializing macros
("C:\Users\giannis\AppData\Local\Programs\MiKTeX 2.9\tex\latex\oberdiek\epstopd
f-base.sty"
Package: epstopdf-base 2016/05/15 v2.6 Base part for package epstopdf

("C:\Users\giannis\AppData\Local\Programs\MiKTeX 2.9\tex\latex\oberdiek\grfext.
sty"
Package: grfext 2016/05/16 v1.2 Manage graphics extensions (HO)
)
Package epstopdf-base Info: Redefining graphics rule for `.eps' on input line 4
38.
Package grfext Info: Graphics extension search list:
(grfext)             [.pdf,.png,.jpg,.mps,.jpeg,.jbig2,.jb2,.PDF,.PNG,.JPG,.JPE
G,.JBIG2,.JB2,.eps]
(grfext)             \AppendGraphicsExtensions on input line 456.
)
\AtBeginShipoutBox=\box39
Package hyperref Info: Link coloring OFF on input line 20.

("C:\Users\giannis\AppData\Local\Programs\MiKTeX 2.9\tex\latex\hyperref\nameref
.sty"
Package: nameref 2016/05/21 v2.44 Cross-referencing by name of section

("C:\Users\giannis\AppData\Local\Programs\MiKTeX 2.9\tex\generic\oberdiek\getti
tlestring.sty"
Package: gettitlestring 2016/05/16 v1.5 Cleanup title references (HO)
)
\c@section@level=\count141
)
LaTeX Info: Redefining \ref on input line 20.
LaTeX Info: Redefining \pageref on input line 20.
LaTeX Info: Redefining \nameref on input line 20.
LaTeX Font Info:    Try loading font information for U+msa on input line 23.

("C:\Users\giannis\AppData\Local\Programs\MiKTeX 2.9\tex\latex\amsfonts\umsa.fd
"
File: umsa.fd 2013/01/14 v3.01 AMS symbols A
)
LaTeX Font Info:    Try loading font information for U+msb on input line 23.

("C:\Users\giannis\AppData\Local\Programs\MiKTeX 2.9\tex\latex\amsfonts\umsb.fd
"
File: umsb.fd 2013/01/14 v3.01 AMS symbols B
) [1

{C:/Users/giannis/AppData/Local/MiKTeX/2.9/pdftex/config/pdftex.map}]

Package hyperref Warning: Glyph not defined in PU encoding,
(hyperref)                removing `\acctonos' on input line 25.

(final.toc
LaTeX Font Info:    Try loading font information for PU+cmr on input line 2.
LaTeX Font Info:    No file PUcmr.fd. on input line 2.


LaTeX Font Warning: Font shape `PU/cmr/bx/n' undefined
(Font)              using `PU/pdf/m/n' instead on input line 2.


Underfull \hbox (badness 10000) in paragraph at lines 12--12
[]  
 []


Overfull \hbox (1.51947pt too wide) in paragraph at lines 24--24
[][]\PU/cmr/bx/n/14.4 III \LGR/cmr/bx/n/14.4 E-far-mo-smèna Ma-jh-ma-ti-kˆ Fe-b
rou-ˆrioc 2016[] 
 []


Underfull \hbox (badness 10000) in paragraph at lines 24--24
[]  
 []

[2

]
Underfull \hbox (badness 10000) in paragraph at lines 36--36
[]  
 []


Underfull \hbox (badness 10000) in paragraph at lines 45--45
[]  
 []

[3]
Underfull \hbox (badness 10000) in paragraph at lines 55--55
[]  
 []


Overfull \hbox (12.31949pt too wide) in paragraph at lines 76--76
[][]\PU/cmr/bx/n/14.4 VIII \LGR/cmr/bx/n/14.4 E-far-mo-smèna Ma-jh-ma-ti-kˆ Fe-
brou-ˆrioc 2014[] 
 []


Underfull \hbox (badness 10000) in paragraph at lines 76--76
[]  
 []

[4]
Underfull \hbox (badness 10000) in paragraph at lines 85--85
[]  
 []


Underfull \hbox (badness 10000) in paragraph at lines 91--91
[]  
 []

)
\tf@toc=\write4
\openout4 = `final.toc'.

 [5] [6]

LaTeX Warning: Command \textAlpha invalid in math mode on input line 46.


Underfull \hbox (badness 10000) in paragraph at lines 62--65

 []

[7]
Overfull \hbox (30.0935pt too wide) detected at line 82
[][] \OMS/cmsy/m/n/12   [][] \OT1/cmr/m/n/12 = []
 []


Overfull \hbox (41.42741pt too wide) detected at line 87
\OT1/cmr/m/n/12 = []
 []


Overfull \hbox (22.95526pt too wide) detected at line 91
\OT1/cmr/m/n/12 = []
 []

[8]
Overfull \hbox (35.70906pt too wide) detected at line 143
\OML/cmm/m/it/12 x[] \OT1/cmr/m/n/12 = \OML/cmm/m/it/12 x []\OT1/cmr/m/n/12 (\O
ML/cmm/m/it/12 y\OT1/cmr/m/n/12 )[] + \OML/cmm/m/it/12 ix []\OT1/cmr/m/n/12 (\O
ML/cmm/m/it/12 y\OT1/cmr/m/n/12 )[]
 []


Underfull \hbox (badness 10000) in paragraph at lines 161--165

 []


Overfull \hbox (2.76663pt too wide) detected at line 172
[] \OMS/cmsy/m/n/12 ) [] )
 []


Underfull \hbox (badness 10000) in paragraph at lines 186--191

 []

[9]
Underfull \hbox (badness 10000) in paragraph at lines 192--196

 []

[10]

LaTeX Warning: Command \textIota invalid in math mode on input line 202.

LaTeX Font Info:    Try loading font information for OMS+cmr on input line 207.

("C:\Users\giannis\AppData\Local\Programs\MiKTeX 2.9\tex\latex\base\omscmr.fd"
File: omscmr.fd 2014/09/29 v2.5h Standard LaTeX font definitions
)
LaTeX Font Info:    Font shape `OMS/cmr/m/n' in size <12> not available
(Font)              Font shape `OMS/cmsy/m/n' tried instead on input line 207.

LaTeX Warning: Command \textIota invalid in math mode on input line 227.


LaTeX Warning: Command \textIota invalid in math mode on input line 250.

[11]

LaTeX Warning: Command \textIota invalid in math mode on input line 284.

[12] [13]
Underfull \hbox (badness 10000) in paragraph at lines 303--313

 []


Underfull \hbox (badness 10000) in paragraph at lines 303--313

 []


Overfull \hbox (66.14761pt too wide) detected at line 316
[] \OML/cmm/m/it/12 zf\OT1/cmr/m/n/12 (\OML/cmm/m/it/12 z\OT1/cmr/m/n/12 ) = []
 [] = [] [] = [] [] = 0
 []


LaTeX Warning: Command \textIota invalid in math mode on input line 318.


Overfull \hbox (18.43465pt too wide) detected at line 321
\OML/cmm/m/it/12 Res\OT1/cmr/m/n/12 (\OML/cmm/m/it/12 f; i\OT1/cmr/m/n/12 ) = [
] [][] = [] [] =
 []


Overfull \hbox (44.32793pt too wide) detected at line 322
\OT1/cmr/m/n/12 = \OMS/cmsy/m/n/12  [] \OT1/cmr/m/n/12 = \OMS/cmsy/m/n/12  [] \
OT1/cmr/m/n/12 = [] = [] =
 []


Underfull \hbox (badness 10000) in paragraph at lines 323--327

 []


LaTeX Warning: Command \textIota invalid in math mode on input line 327.

[14] [15] [16]
Underfull \hbox (badness 10000) in paragraph at lines 347--349

 []


Underfull \hbox (badness 10000) in paragraph at lines 349--353

 []


Underfull \hbox (badness 10000) in paragraph at lines 358--362

 []


Underfull \hbox (badness 10000) in paragraph at lines 366--370

 []


Underfull \hbox (badness 10000) in paragraph at lines 366--370

 []


Underfull \hbox (badness 10000) in paragraph at lines 371--376

 []


Underfull \hbox (badness 10000) in paragraph at lines 371--376

 []

[17]
Underfull \hbox (badness 10000) in paragraph at lines 383--385

 []


Underfull \hbox (badness 10000) in paragraph at lines 397--400

 []


LaTeX Warning: Command \textIota invalid in math mode on input line 403.


Overfull \hbox (26.51242pt too wide) detected at line 405
\OT1/cmr/m/n/12 = [][](2[]2 + 2[]\OML/cmm/m/it/12 e[]\OT1/cmr/m/n/12 )\OML/cmm/
m/it/12 dt \OT1/cmr/m/n/12 = 2[] [][](8 + \OML/cmm/m/it/12 e[]\OT1/cmr/m/n/12 )
\OML/cmm/m/it/12 dt \OT1/cmr/m/n/12 = 2[] [][] = 2[] \OMS/cmsy/m/n/12  \OT1/cm
r/m/n/12 16\OML/cmm/m/it/12  \OT1/cmr/m/n/12 = 8192\OML/cmm/m/it/12 
 []

[18]
Underfull \hbox (badness 10000) in paragraph at lines 416--426

 []


Underfull \hbox (badness 10000) in paragraph at lines 416--426

 []


Overfull \hbox (66.73131pt too wide) detected at line 429
[] \OML/cmm/m/it/12 zf\OT1/cmr/m/n/12 (\OML/cmm/m/it/12 z\OT1/cmr/m/n/12 ) = []
 [] = [] [] = [] [] = 0
 []


LaTeX Warning: Command \textIota invalid in math mode on input line 431.


Overfull \hbox (18.82378pt too wide) detected at line 435
\OML/cmm/m/it/12 Res\OT1/cmr/m/n/12 (\OML/cmm/m/it/12 f; i\OT1/cmr/m/n/12 ) = [
] [][] = [] [] =
 []


Underfull \hbox (badness 10000) in paragraph at lines 439--441

 []


LaTeX Warning: Command \textIota invalid in math mode on input line 441.

[19]
Underfull \hbox (badness 10000) in paragraph at lines 455--458

 []


Underfull \hbox (badness 10000) in paragraph at lines 463--467

 []

[20] [21]
Underfull \hbox (badness 10000) in paragraph at lines 493--498

 []


Overfull \hbox (72.65791pt too wide) detected at line 499
[] \OT1/cmr/m/n/12 = [] + [] \OMS/cmsy/m/n/12 ) \OML/cmm/m/it/12 A\OT1/cmr/m/n/
12 (\OML/cmm/m/it/12 z \OT1/cmr/m/n/12 + 2\OML/cmm/m/it/12 i\OT1/cmr/m/n/12 ) +
 \OML/cmm/m/it/12 B\OT1/cmr/m/n/12 (\OML/cmm/m/it/12 z \OMS/cmsy/m/n/12   \OT1/
cmr/m/n/12 2\OML/cmm/m/it/12 i\OT1/cmr/m/n/12 ) = 1 \OMS/cmsy/m/n/12 ) \OT1/cmr
/m/n/12 (\OML/cmm/m/it/12 A \OT1/cmr/m/n/12 + \OML/cmm/m/it/12 B\OT1/cmr/m/n/12
 )\OML/cmm/m/it/12 z \OT1/cmr/m/n/12 + 2\OML/cmm/m/it/12 i\OT1/cmr/m/n/12 (\OML
/cmm/m/it/12 A \OMS/cmsy/m/n/12   \OML/cmm/m/it/12 B\OT1/cmr/m/n/12 ) = 1 \OMS/
cmsy/m/n/12 )
 []


Underfull \hbox (badness 10000) in paragraph at lines 510--513

 []


Overfull \hbox (63.53105pt too wide) detected at line 514
\OML/cmm/m/it/12 f\OT1/cmr/m/n/12 (\OML/cmm/m/it/12 z\OT1/cmr/m/n/12 ) = [] = [
] [] = [] [] =
 []


Overfull \hbox (94.04875pt too wide) detected at line 526
\OT1/cmr/m/n/12 = [] [](\OMS/cmsy/m/n/12  \OT1/cmr/m/n/12 1)[][] \OMS/cmsy/m/n/
12   [] []\OT1/cmr/m/n/12 (\OMS/cmsy/m/n/12  \OT1/cmr/m/n/12 1)[][] = [] \OMS/c
msy/m/n/12   []   [] \OT1/cmr/m/n/12 + [] \OMS/cmsy/m/n/12   []
 []


Overfull \hbox (63.53105pt too wide) detected at line 532
\OML/cmm/m/it/12 f\OT1/cmr/m/n/12 (\OML/cmm/m/it/12 z\OT1/cmr/m/n/12 ) = [] = [
] [] = [] [] =
 []

[22] [23]

LaTeX Warning: Command \textAlpha invalid in math mode on input line 566.


Underfull \hbox (badness 10000) in paragraph at lines 566--568

 []


Underfull \hbox (badness 10000) in paragraph at lines 568--572

 []

[24]

LaTeX Warning: Command \textIota invalid in math mode on input line 608.


LaTeX Warning: Command \textIota invalid in math mode on input line 632.

[25]

LaTeX Warning: Command \textIota invalid in math mode on input line 659.

[26]
Underfull \hbox (badness 10000) in paragraph at lines 663--665

 []


Underfull \hbox (badness 10000) in paragraph at lines 682--692

 []

[27]
Overfull \hbox (52.48112pt too wide) detected at line 695
[] \OML/cmm/m/it/12 zf\OT1/cmr/m/n/12 (\OML/cmm/m/it/12 z\OT1/cmr/m/n/12 ) = []
 [] = [] [] = [] [] = 0
 []


LaTeX Warning: Command \textIota invalid in math mode on input line 697.


Overfull \hbox (45.61066pt too wide) detected at line 701
\OML/cmm/m/it/12 Res\OT1/cmr/m/n/12 (\OML/cmm/m/it/12 f; \OT1/cmr/m/n/12 2\OML/
cmm/m/it/12 i\OT1/cmr/m/n/12 ) = [] [] = [] [] = [] =
 []


Underfull \hbox (badness 10000) in paragraph at lines 702--706

 []


LaTeX Warning: Command \textIota invalid in math mode on input line 706.

[28] [29]
Overfull \hbox (62.11961pt too wide) detected at line 741
[] [] \OT1/cmr/m/n/12 + [] [] + \OML/cmm/m/it/12 ::: \OT1/cmr/m/n/12 + [] [] = 
[] [] [] = [] [] =
 []

[30]
Overfull \hbox (73.12546pt too wide) detected at line 762
\OML/cmm/m/it/12 f\OT1/cmr/m/n/12 (\OML/cmm/m/it/12 z\OT1/cmr/m/n/12 ) = [] = [
] = [] [] \OMS/cmsy/m/n/12   [] [] \OT1/cmr/m/n/12 = [] [] \OMS/cmsy/m/n/12   [
] []
 []


Overfull \hbox (33.0456pt too wide) detected at line 778
\OMS/cmsy/m/n/12  \OML/cmm/m/it/12 f\OT1/cmr/m/n/12 (\OML/cmm/m/it/12 z\OT1/cm
r/m/n/12 ) = [] [] \OMS/cmsy/m/n/12   [] [] \OT1/cmr/m/n/12 = [] [] \OMS/cmsy/m
/n/12   [] []\OT1/cmr/m/n/12 (\OMS/cmsy/m/n/12  \OT1/cmr/m/n/12 1)[][] =
 []

[31]
Underfull \hbox (badness 10000) in paragraph at lines 785--789

 []

[32] [33]
Underfull \hbox (badness 10000) in paragraph at lines 815--822

 []


Underfull \hbox (badness 10000) in paragraph at lines 815--822

 []


Underfull \hbox (badness 10000) in paragraph at lines 815--822

 []


Overfull \hbox (2.64401pt too wide) detected at line 822
[]\OT1/cmr/m/n/12 (\OML/cmm/m/it/12 e[]\OT1/cmr/m/n/12 ) = [](\OML/cmm/m/it/12 
w\OT1/cmr/m/n/12 ) = [](\OML/cmm/m/it/12 e[]\OT1/cmr/m/n/12 ) + \OML/cmm/m/it/1
2 i\OT1/cmr/m/n/12 (\OMS/cmsy/m/n/12  \OML/cmm/m/it/12 y \OT1/cmr/m/n/12 + 2\OM
L/cmm/m/it/12 n\OT1/cmr/m/n/12 ) = \OMS/cmsy/m/n/12  \OML/cmm/m/it/12 x \OMS/c
msy/m/n/12   \OML/cmm/m/it/12 yi \OT1/cmr/m/n/12 + 2\OML/cmm/m/it/12 ni \OT1/c
mr/m/n/12 = \OMS/cmsy/m/n/12  \OML/cmm/m/it/12 z \OT1/cmr/m/n/12 + 2\OML/cmm/m/
it/12 ni; n \OMS/cmsy/m/n/12 2 \U/msb/m/n/12 Z
 []


Overfull \hbox (44.84962pt too wide) detected at line 825
[]\OT1/cmr/m/n/12 (\OML/cmm/m/it/12 z\OT1/cmr/m/n/12 ) = [] = [] = [] =
 []


Overfull \hbox (43.15828pt too wide) detected at line 828
\OT1/cmr/m/n/12 = [] = [](\OML/cmm/m/it/12 x\OT1/cmr/m/n/12 ) [] + \OML/cmm/m/i
t/12 i []\OT1/cmr/m/n/12 (\OML/cmm/m/it/12 x\OT1/cmr/m/n/12 ) [] =
 []


Overfull \hbox (56.24376pt too wide) detected at line 832
\OMS/cmsy/m/n/12 j []\OT1/cmr/m/n/12 (\OML/cmm/m/it/12 z\OT1/cmr/m/n/12 )\OMS/c
msy/m/n/12 j[] \OT1/cmr/m/n/12 = [][](\OML/cmm/m/it/12 x\OT1/cmr/m/n/12 ) [][](
\OML/cmm/m/it/12 y\OT1/cmr/m/n/12 ) + [][](\OML/cmm/m/it/12 x\OT1/cmr/m/n/12 ) 
[][](\OML/cmm/m/it/12 y\OT1/cmr/m/n/12 ) = [][](\OML/cmm/m/it/12 x\OT1/cmr/m/n/
12 )(1 + [][](\OML/cmm/m/it/12 y\OT1/cmr/m/n/12 )) + [][](\OML/cmm/m/it/12 x\OT
1/cmr/m/n/12 ) [][](\OML/cmm/m/it/12 y\OT1/cmr/m/n/12 ) \OMS/cmsy/m/n/12 )
 []

[34]
Overfull \hbox (25.51797pt too wide) detected at line 843
\OML/cmm/m/it/12 f\OT1/cmr/m/n/12 (\OML/cmm/m/it/12 x \OT1/cmr/m/n/12 + \OML/cm
m/m/it/12 yi\OT1/cmr/m/n/12 ) = 1 + [] = 1 + [] = [] \OMS/cmsy/m/n/12   \OML/cm
m/m/it/12 i[] \OT1/cmr/m/n/12 =
 []


Overfull \hbox (57.90569pt too wide) detected at line 861
\OMS/cmsy/m/n/12 ) \OML/cmm/m/it/12 v [] \OT1/cmr/m/n/12 = [] + 1 \OMS/cmsy/m/n
/12 ) \OML/cmm/m/it/12 u[] \OT1/cmr/m/n/12 + \OML/cmm/m/it/12 v[] \OT1/cmr/m/n/
12 = \OML/cmm/m/it/12 u \OT1/cmr/m/n/12 + \OML/cmm/m/it/12 v \OMS/cmsy/m/n/12 )
 \OML/cmm/m/it/12 u[] \OMS/cmsy/m/n/12   \OT1/cmr/m/n/12 2 [] \OML/cmm/m/it/12 
u \OT1/cmr/m/n/12 + [] + \OML/cmm/m/it/12 v[] \OMS/cmsy/m/n/12   \OT1/cmr/m/n/1
2 2 [] \OML/cmm/m/it/12 v \OT1/cmr/m/n/12 + [] = [] + [] \OMS/cmsy/m/n/12 )
 []


LaTeX Warning: Command \textKappa invalid in math mode on input line 864.


LaTeX Warning: Command \textAlpha invalid in math mode on input line 867.


Underfull \hbox (badness 10000) in paragraph at lines 864--869

 []


Underfull \hbox (badness 10000) in paragraph at lines 864--869

 []


Underfull \hbox (badness 10000) in paragraph at lines 864--869

 []

[35]
Overfull \hbox (7.4823pt too wide) detected at line 877
[] \OMS/cmsy/m/n/12 ) [] ) [] )
 []


Overfull \hbox (68.25717pt too wide) detected at line 880
\OMS/cmsy/m/n/12 ) [] ) [] )
 []


Overfull \hbox (32.97046pt too wide) detected at line 883
\OMS/cmsy/m/n/12 ) [] ) \OML/cmm/m/it/12 v\OT1/cmr/m/n/12 (\OML/cmm/m/it/12 x; 
y\OT1/cmr/m/n/12 ) = \OMS/cmsy/m/n/12  \OT1/cmr/m/n/12 3\OML/cmm/m/it/12 y[] \O
T1/cmr/m/n/12 + 9\OML/cmm/m/it/12 x[]y \OMS/cmsy/m/n/12   \OML/cmm/m/it/12 y \O
T1/cmr/m/n/12 + \OML/cmm/m/it/12 c[]; c[] \OMS/cmsy/m/n/12 2 \U/msb/m/n/12 R
 []


Underfull \hbox (badness 10000) in paragraph at lines 883--887

 []

[36]

LaTeX Warning: Command \textIota invalid in math mode on input line 914.

[37]

LaTeX Warning: Command \textIota invalid in math mode on input line 937.

[38]

LaTeX Warning: Command \textIota invalid in math mode on input line 964.


Underfull \hbox (badness 10000) in paragraph at lines 971--973

 []

[39]
Underfull \hbox (badness 10000) in paragraph at lines 978--984

 []


Overfull \hbox (51.58846pt too wide) detected at line 1003
\OML/cmm/m/it/12 f\OT1/cmr/m/n/12 (\OML/cmm/m/it/12 z\OT1/cmr/m/n/12 ) = [] [] 
+ [] [] \OMS/cmsy/m/n/12 ) \OML/cmm/m/it/12 f\OT1/cmr/m/n/12 (\OML/cmm/m/it/12 
z\OT1/cmr/m/n/12 ) = [] [] + [] [] \OMS/cmsy/m/n/12 )
 []

[40]
Underfull \hbox (badness 10000) in paragraph at lines 1013--1021

 []


Underfull \hbox (badness 10000) in paragraph at lines 1013--1021

 []


LaTeX Warning: Command \textIota invalid in math mode on input line 1026.


Underfull \hbox (badness 10000) in paragraph at lines 1033--1037

 []


LaTeX Warning: Command \textIota invalid in math mode on input line 1037.

[41] [42] [43] [44]
Underfull \hbox (badness 10000) in paragraph at lines 1078--1098

 []


Underfull \hbox (badness 10000) in paragraph at lines 1113--1124

 []


Underfull \hbox (badness 10000) in paragraph at lines 1113--1124

 []

[45]
Underfull \hbox (badness 10000) in paragraph at lines 1136--1139

 []


Underfull \hbox (badness 10000) in paragraph at lines 1136--1139

 []


LaTeX Warning: Command \textEpsilon invalid in math mode on input line 1140.


Underfull \hbox (badness 10000) in paragraph at lines 1140--1144

 []


Underfull \hbox (badness 10000) in paragraph at lines 1140--1144

 []


Underfull \hbox (badness 10000) in paragraph at lines 1189--1194

 []

[46]

LaTeX Warning: Command \textIota invalid in math mode on input line 1196.

[47] [48]
Overfull \hbox (29.26355pt too wide) detected at line 1279
\OT1/cmr/m/n/12 +[][] [] + [][] [] + []
 []

[49]
Overfull \hbox (18.51724pt too wide) detected at line 1294
\OML/cmm/m/it/12 f\OT1/cmr/m/n/12 (\OML/cmm/m/it/12 z\OT1/cmr/m/n/12 ) = [] = [
] = [] = [] + [] \OMS/cmsy/m/n/12 )
 []


Underfull \hbox (badness 10000) in paragraph at lines 1310--1316

 []


Overfull \hbox (25.5093pt too wide) detected at line 1329
\U/msa/m/n/12 6 \OML/cmm/m/it/12 A\OT1/cmr/m/n/12 (\OMS/cmsy/m/n/12 j\OML/cmm/m
/it/12 z[]\OMS/cmsy/m/n/12 j \OT1/cmr/m/n/12 + \OML/cmm/m/it/12 R\OMS/cmsy/m/n/
12 j\OML/cmm/m/it/12 e[]\OMS/cmsy/m/n/12 j\OT1/cmr/m/n/12 )[] + \OML/cmm/m/it/1
2 B\OMS/cmsy/m/n/12 j\OML/cmm/m/it/12 z[]\OMS/cmsy/m/n/12 j \OT1/cmr/m/n/12 + \
OML/cmm/m/it/12 BR\OMS/cmsy/m/n/12 j\OML/cmm/m/it/12 e[]\OMS/cmsy/m/n/12 j \OT1
/cmr/m/n/12 + \OML/cmm/m/it/12 C \OT1/cmr/m/n/12 = \OML/cmm/m/it/12 A\OMS/cmsy/
m/n/12 j\OML/cmm/m/it/12 z[]\OMS/cmsy/m/n/12 j[] \OT1/cmr/m/n/12 + 2\OML/cmm/m/
it/12 AR\OMS/cmsy/m/n/12 j\OML/cmm/m/it/12 z[]\OMS/cmsy/m/n/12 j \OT1/cmr/m/n/1
2 + \OML/cmm/m/it/12 AR[] \OT1/cmr/m/n/12 + \OML/cmm/m/it/12 B\OMS/cmsy/m/n/12 
j\OML/cmm/m/it/12 z[]\OMS/cmsy/m/n/12 j \OT1/cmr/m/n/12 + \OML/cmm/m/it/12 BR \
OT1/cmr/m/n/12 + \OML/cmm/m/it/12 C \OMS/cmsy/m/n/12 )
 []

[50]
Underfull \hbox (badness 10000) in paragraph at lines 1344--1349

 []


Underfull \hbox (badness 10000) in paragraph at lines 1352--1354

 []


Overfull \hbox (72.13818pt too wide) detected at line 1357
[] \OML/cmm/m/it/12 zf\OT1/cmr/m/n/12 (\OML/cmm/m/it/12 z\OT1/cmr/m/n/12 ) = []
 [] = [] [] = [] [] = 0
 []


Underfull \hbox (badness 10000) in paragraph at lines 1357--1361

 []


Underfull \hbox (badness 10000) in paragraph at lines 1357--1361

 []


Overfull \hbox (4.05717pt too wide) detected at line 1386
\OMS/cmsy/m/n/12 ) \OML/cmm/m/it/12 I \OT1/cmr/m/n/12 = [] = \OMS/cmsy/m/n/12  
[]
 []

[51] [52] [53]
Overfull \hbox (85.85324pt too wide) detected at line 1421
\OML/cmm/m/it/12 Im [] < \OT1/cmr/m/n/12 0 \OMS/cmsy/m/n/12 , [] \OML/cmm/m/it/
12 < \OT1/cmr/m/n/12 0 \OMS/cmsy/m/n/12 , \OML/cmm/m/it/12 bm \OMS/cmsy/m/n/12 
  \OML/cmm/m/it/12 an < \OT1/cmr/m/n/12 0 \OMS/cmsy/m/n/12 , \OML/cmm/m/it/12 a
n \OMS/cmsy/m/n/12   \OML/cmm/m/it/12 bm > \OT1/cmr/m/n/12 0 \OMS/cmsy/m/n/12 ,
 [] \OML/cmm/m/it/12 > \OT1/cmr/m/n/12 0 \OMS/cmsy/m/n/12 , \OML/cmm/m/it/12 Im
 [] > \OT1/cmr/m/n/12 0
 []

[54]
Underfull \hbox (badness 10000) in paragraph at lines 1426--1428

 []


Overfull \hbox (47.58089pt too wide) detected at line 1452
\OMS/cmsy/m/n/12 ) [] ) [] [] []
 []


Underfull \hbox (badness 10000) in paragraph at lines 1454--1456

 []

[55] [56]
Overfull \hbox (5.59094pt too wide) detected at line 1498
\OML/cmm/m/it/12 f[]\OT1/cmr/m/n/12 (\OML/cmm/m/it/12 w\OT1/cmr/m/n/12 ) = [] \
OMS/cmsy/m/n/12 ) \OML/cmm/m/it/12 u \OT1/cmr/m/n/12 + \OML/cmm/m/it/12 iv \OT1
/cmr/m/n/12 = [] \OMS/cmsy/m/n/12 ) \OML/cmm/m/it/12 u \OT1/cmr/m/n/12 + \OML/c
mm/m/it/12 iv \OT1/cmr/m/n/12 = [] \OMS/cmsy/m/n/12 )
 []


Underfull \hbox (badness 10000) in paragraph at lines 1499--1501

 []


Underfull \hbox (badness 10000) in paragraph at lines 1499--1501

 []


Overfull \hbox (1.98947pt too wide) detected at line 1503
\OT1/cmr/m/n/12 (1)\OML/cmm/m/it/12 ; \OT1/cmr/m/n/12 (2) \OMS/cmsy/m/n/12 ) \O
ML/cmm/m/it/12 u \OT1/cmr/m/n/12 + \OML/cmm/m/it/12 v \OT1/cmr/m/n/12 = \OMS/cm
sy/m/n/12  [] ) \OT1/cmr/m/n/12 4\OML/cmm/m/it/12 x[] \OT1/cmr/m/n/12 + 1 = \OM
S/cmsy/m/n/12  [] ) \OT1/cmr/m/n/12 4\OML/cmm/m/it/12 x[] \OT1/cmr/m/n/12 = \OM
S/cmsy/m/n/12  []   [] )
 []


Overfull \hbox (66.4797pt too wide) detected at line 1509
\OMS/cmsy/m/n/12 )  [] \OT1/cmr/m/n/12 = [][] \OMS/cmsy/m/n/12 )  [] \OT1/cmr/m
/n/12 = [][] \OMS/cmsy/m/n/12 )
 []


Overfull \hbox (16.36345pt too wide) detected at line 1510
\OMS/cmsy/m/n/12 )  [] \OT1/cmr/m/n/12 = [] \OMS/cmsy/m/n/12 )  \OT1/cmr/m/n/12
 (1 + \OML/cmm/m/it/12 u \OT1/cmr/m/n/12 + \OML/cmm/m/it/12 v\OT1/cmr/m/n/12 ) 
= [] \OMS/cmsy/m/n/12 )
 []

[57]

LaTeX Warning: Command \textKappa invalid in math mode on input line 1518.

[58]
Underfull \hbox (badness 10000) in paragraph at lines 1528--1532

 []


Underfull \hbox (badness 10000) in paragraph at lines 1528--1532

 []


Overfull \hbox (104.46884pt too wide) detected at line 1545
\OMS/cmsy/m/n/12 ) [] ) [] )
 []


Underfull \hbox (badness 10000) in paragraph at lines 1559--1564

 []


Underfull \hbox (badness 10000) in paragraph at lines 1559--1564

 []

[59]

LaTeX Warning: Command \textIota invalid in math mode on input line 1570.


Underfull \hbox (badness 10000) in paragraph at lines 1592--1594

 []


Underfull \hbox (badness 10000) in paragraph at lines 1604--1607

 []

[60]
Overfull \hbox (62.45073pt too wide) detected at line 1623
\OT1/cmr/m/n/12 = [] = [] =
 []


Overfull \hbox (30.62888pt too wide) detected at line 1625
\OT1/cmr/m/n/12 = [] = [] = []
 []

[61] [62]
Overfull \hbox (74.31891pt too wide) detected at line 1673
[] \OMS/cmsy/m/n/12 ) [] ) [] ) [] ) []
 []


Overfull \hbox (71.39456pt too wide) detected at line 1675
\OML/cmm/m/it/12 f\OT1/cmr/m/n/12 (\OML/cmm/m/it/12 z\OT1/cmr/m/n/12 ) = [] + [
] = [][] + [][] = [][] + [][] \OMS/cmsy/m/n/12 )
 []

[63] [64]
Underfull \hbox (badness 10000) in paragraph at lines 1710--1719

 []


Underfull \hbox (badness 10000) in paragraph at lines 1710--1719

 []


Underfull \hbox (badness 10000) in paragraph at lines 1710--1719

 []


LaTeX Warning: Command \textIota invalid in math mode on input line 1724.


Overfull \hbox (37.37782pt too wide) detected at line 1729
\OML/cmm/m/it/12 Res [] \OT1/cmr/m/n/12 = [] [] =
 []


Overfull \hbox (37.14304pt too wide) detected at line 1731
\OT1/cmr/m/n/12 = [] = [] = \OMS/cmsy/m/n/12  [] \OT1/cmr/m/n/12 =
 []

[65]
Underfull \hbox (badness 10000) in paragraph at lines 1733--1737

 []


LaTeX Warning: Command \textIota invalid in math mode on input line 1737.

[66] [67]
Underfull \hbox (badness 10000) in paragraph at lines 1769--1772

 []


Overfull \hbox (83.36517pt too wide) detected at line 1791
\OT1/cmr/m/n/12 0 \U/msa/m/n/12 6 \OMS/cmsy/m/n/12  \OT1/cmr/m/n/12 2\OML/cmm/m
/it/12 Arg\OT1/cmr/m/n/12 (\OML/cmm/m/it/12 z\OT1/cmr/m/n/12 ) \U/msa/m/n/12 6 
\OMS/cmsy/m/n/12  \OT1/cmr/m/n/12 2\OML/cmm/m/it/12 =\OT1/cmr/m/n/12 3 \OMS/cm
sy/m/n/12 )  \OML/cmm/m/it/12 =\OT1/cmr/m/n/12 4 \U/msa/m/n/12 6 \OMS/cmsy/m/n
/12  \OT1/cmr/m/n/12 2\OML/cmm/m/it/12 Arg\OT1/cmr/m/n/12 (\OML/cmm/m/it/12 z\O
T1/cmr/m/n/12 ) \U/msa/m/n/12 6 \OMS/cmsy/m/n/12  \OT1/cmr/m/n/12 2\OML/cmm/m/i
t/12 =\OT1/cmr/m/n/12 3 \OMS/cmsy/m/n/12   \OML/cmm/m/it/12 =\OT1/cmr/m/n/12 
4 \OMS/cmsy/m/n/12 ) []
 []

[68]
Underfull \hbox (badness 10000) in paragraph at lines 1800--1820

 []


Underfull \hbox (badness 10000) in paragraph at lines 1823--1827

 []


Overfull \hbox (73.68883pt too wide) detected at line 1838
[] \OT1/cmr/m/n/12 = [] = [] = [] = []
 []


Overfull \hbox (73.3843pt too wide) detected at line 1843
\OMS/cmsy/m/n/12  \OML/cmm/m/it/12 Res\OT1/cmr/m/n/12 (\OML/cmm/m/it/12 f; \OT
1/cmr/m/n/12 1) = [] [] = [] = [] = []
 []

[69]
Overfull \hbox (66.13904pt too wide) detected at line 1857
\OT1/cmr/m/n/12 = [] = [] =
 []


Overfull \hbox (11.80618pt too wide) detected at line 1883
[] \OMS/cmsy/m/n/12 ) [] ) [] )
 []

[70]

LaTeX Warning: Command \textzeta invalid in math mode on input line 1912.


LaTeX Warning: Command \textzeta invalid in math mode on input line 1913.


Overfull \hbox (53.2939pt too wide) detected at line 1921
\OMS/cmsy/m/n/12   [] [] [] [] [] [] [] [] \OT1/cmr/m/n/12 = 1
 []

[71]

LaTeX Warning: Command \textEpsilon invalid in math mode on input line 1959.


Underfull \hbox (badness 10000) in paragraph at lines 1952--1962

 []


Underfull \hbox (badness 10000) in paragraph at lines 1952--1962

 []


Underfull \hbox (badness 10000) in paragraph at lines 1952--1962

 []

[72]
Overfull \hbox (4.44713pt too wide) in paragraph at lines 1980--1984
\LGR/cmr/m/n/12 pr¸thc tˆxhc, pˆnw ston prag-ma-ti-kì ˆxona$\OT1/cmr/m/n/12 (\O
ML/cmm/m/it/12 z[] \OT1/cmr/m/n/12 = 1)$ \LGR/cmr/m/n/12 kai dÔo de-Ôte-rhc tˆx
hc,ènan
 []


Overfull \hbox (66.73131pt too wide) detected at line 1987
[] \OML/cmm/m/it/12 zf\OT1/cmr/m/n/12 (\OML/cmm/m/it/12 z\OT1/cmr/m/n/12 ) = []
 [] = [] [] = [] [] = 0
 []


LaTeX Warning: Command \textIota invalid in math mode on input line 1989.


Overfull \hbox (60.31773pt too wide) detected at line 1997
\OMS/cmsy/m/n/12  \OML/cmm/m/it/12 Res\OT1/cmr/m/n/12 (\OML/cmm/m/it/12 f; \OT
1/cmr/m/n/12 2\OML/cmm/m/it/12 i\OT1/cmr/m/n/12 ) = [] [][] = [] [] =
 []


Underfull \hbox (badness 10000) in paragraph at lines 2001--2005

 []


LaTeX Warning: Command \textIota invalid in math mode on input line 2005.

[73] [74] [75]
Overfull \hbox (37.04008pt too wide) detected at line 2060
\OML/cmm/m/it/12 f\OT1/cmr/m/n/12 (\OML/cmm/m/it/12 x \OT1/cmr/m/n/12 + \OML/cm
m/m/it/12 yi\OT1/cmr/m/n/12 ) = 1 \OMS/cmsy/m/n/12   [] \OT1/cmr/m/n/12 = 1 \OM
S/cmsy/m/n/12   [] \OT1/cmr/m/n/12 = 1 \OMS/cmsy/m/n/12   []   \OML/cmm/m/it/12
 i[]
 []


Overfull \hbox (35.90213pt too wide) detected at line 2081
\OML/cmm/m/it/12 v \OT1/cmr/m/n/12 = \OMS/cmsy/m/n/12  [] ) \OML/cmm/m/it/12 v 
\OT1/cmr/m/n/12 = \OMS/cmsy/m/n/12  [] ) \OT1/cmr/m/n/12 (\OML/cmm/m/it/12 u \O
MS/cmsy/m/n/12   \OT1/cmr/m/n/12 1)[] + \OML/cmm/m/it/12 v[] \OT1/cmr/m/n/12 = 
\OMS/cmsy/m/n/12  \OT1/cmr/m/n/12 2(\OML/cmm/m/it/12 v \OMS/cmsy/m/n/12   \OML/
cmm/m/it/12 u \OT1/cmr/m/n/12 + 1) \OMS/cmsy/m/n/12 )
 []


LaTeX Warning: Command \textKappa invalid in math mode on input line 2085.


LaTeX Warning: Command \textAlpha invalid in math mode on input line 2088.


Underfull \hbox (badness 10000) in paragraph at lines 2085--2090

 []


Underfull \hbox (badness 10000) in paragraph at lines 2085--2090

 []


Underfull \hbox (badness 10000) in paragraph at lines 2085--2090

 []

[76]
Overfull \hbox (5.83063pt too wide) detected at line 2103
\OMS/cmsy/m/n/12   [] [] [] [] [] []
 []

[77]
Underfull \hbox (badness 10000) in paragraph at lines 2122--2126

 []


Overfull \hbox (14.55994pt too wide) detected at line 2130
[] \OMS/cmsy/m/n/12 ) [] ) [] ) [] )
 []


Underfull \hbox (badness 10000) in paragraph at lines 2133--2144

 []


Underfull \hbox (badness 10000) in paragraph at lines 2133--2144

 []


Underfull \hbox (badness 10000) in paragraph at lines 2133--2144

 []

[78] [79]

LaTeX Warning: Command \textIota invalid in math mode on input line 2156.


Underfull \hbox (badness 10000) in paragraph at lines 2158--2161

 []


Overfull \hbox (30.33643pt too wide) detected at line 2165
\OT1/cmr/m/n/12 = [] [] = []
 []


LaTeX Warning: Command \textIota invalid in math mode on input line 2170.

[80]
Underfull \hbox (badness 10000) in paragraph at lines 2176--2182

 []

[81]

LaTeX Warning: Command \textIota invalid in math mode on input line 2208.


Overfull \hbox (59.3531pt too wide) detected at line 2210
\OML/cmm/m/it/12 I \OT1/cmr/m/n/12 = [][] [][] = [][] []\OML/cmm/m/it/12 dz \OT
1/cmr/m/n/12 = [][] []\OML/cmm/m/it/12 dz \OT1/cmr/m/n/12 =
 []


LaTeX Warning: Command \textIota invalid in math mode on input line 2218.


Underfull \hbox (badness 10000) in paragraph at lines 2218--2223

 []


Underfull \hbox (badness 10000) in paragraph at lines 2226--2228

 []


Underfull \hbox (badness 10000) in paragraph at lines 2230--2232

 []

[82] [83] [84]
Overfull \hbox (24.44583pt too wide) detected at line 2289
\OMS/cmsy/m/n/12 ) \OML/cmm/m/it/12 u \OT1/cmr/m/n/12 = [] \OMS/cmsy/m/n/12 ) \
OT1/cmr/m/n/12 16[]\OML/cmm/m/it/12 u\OT1/cmr/m/n/12 (\OML/cmm/m/it/12 u[] \OT1
/cmr/m/n/12 + \OML/cmm/m/it/12 v[]\OT1/cmr/m/n/12 ) = 2 \OMS/cmsy/m/n/12  \OT1
/cmr/m/n/12 16[]\OML/cmm/m/it/12 u\OT1/cmr/m/n/12 (\OML/cmm/m/it/12 v \OMS/cmsy
/m/n/12   \OML/cmm/m/it/12 u\OT1/cmr/m/n/12 ) \OMS/cmsy/m/n/12 ) \OML/cmm/m/it/
12 u[] \OT1/cmr/m/n/12 + \OML/cmm/m/it/12 v[] \OT1/cmr/m/n/12 = 2(\OML/cmm/m/it
/12 v \OMS/cmsy/m/n/12   \OML/cmm/m/it/12 u\OT1/cmr/m/n/12 ) \OMS/cmsy/m/n/12 )

 []


LaTeX Warning: Command \textKappa invalid in math mode on input line 2292.


LaTeX Warning: Command \textAlpha invalid in math mode on input line 2295.


Underfull \hbox (badness 10000) in paragraph at lines 2291--2299

 []


Underfull \hbox (badness 10000) in paragraph at lines 2291--2299

 []

[85]
Underfull \hbox (badness 10000) in paragraph at lines 2299--2305

 []


Overfull \hbox (9.46431pt too wide) detected at line 2305
[] \OT1/cmr/m/n/12 = [] = []\OML/cmm/m/it/12 e[] \OT1/cmr/m/n/12 = []\OML/cmm/m
/it/12 e[];   \OT1/cmr/m/n/12 = 0\OML/cmm/m/it/12 ; \OT1/cmr/m/n/12 1\OML/cmm/
m/it/12 ; \OT1/cmr/m/n/12 2\OML/cmm/m/it/12 ; :::; N \OMS/cmsy/m/n/12   \OT1/cm
r/m/n/12 1
 []


Overfull \hbox (6.5137pt too wide) detected at line 2308
[] \OT1/cmr/m/n/12 = \OMS/cmsy/m/n/12 j\OML/cmm/m/it/12 a\OMS/cmsy/m/n/12 j[]\O
ML/cmm/m/it/12 e[]e[] \OT1/cmr/m/n/12 = [][] \OML/cmm/m/it/12 e[] \OT1/cmr/m/n/
12 = \OML/cmm/m/it/12 a[]e[];   \OT1/cmr/m/n/12 = 0\OML/cmm/m/it/12 ; \OT1/cmr
/m/n/12 1\OML/cmm/m/it/12 ; \OT1/cmr/m/n/12 2\OML/cmm/m/it/12 ; :::; N \OMS/cms
y/m/n/12   \OT1/cmr/m/n/12 1
 []

[86]
Underfull \hbox (badness 10000) in paragraph at lines 2312--2315

 []


Underfull \hbox (badness 10000) in paragraph at lines 2323--2332

 []


Underfull \hbox (badness 10000) in paragraph at lines 2323--2332

 []


Underfull \hbox (badness 10000) in paragraph at lines 2337--2339

 []


Overfull \hbox (27.26732pt too wide) detected at line 2357
\OMS/cmsy/m/n/12 ) [] ) [] [] []
 []


Underfull \hbox (badness 10000) in paragraph at lines 2357--2360

 []


LaTeX Warning: Command \textIota invalid in math mode on input line 2360.


Overfull \hbox (16.91542pt too wide) detected at line 2360
\OML/cmm/m/it/12 I \OT1/cmr/m/n/12 = [][] \OMS/cmsy/m/n/12 j\OML/cmm/m/it/12 P\
OT1/cmr/m/n/12 (\OML/cmm/m/it/12 z\OT1/cmr/m/n/12 )\OMS/cmsy/m/n/12 j\OML/cmm/m
/it/12 dz \OT1/cmr/m/n/12 = [][] \OMS/cmsy/m/n/12 j\OML/cmm/m/it/12 e[]\OMS/cms
y/m/n/12 j\OML/cmm/m/it/12 dz \OT1/cmr/m/n/12 = \OML/cmm/m/it/12  [][] \OMS/cm
sy/m/n/12 j\OML/cmm/m/it/12 e[]\OMS/cmsy/m/n/12 j\OML/cmm/m/it/12 dz \OT1/cmr/m
/n/12 = \OML/cmm/m/it/12  [][] e[]dz
 []

[87]
Underfull \hbox (badness 10000) in paragraph at lines 2363--2367

 []


LaTeX Warning: Command \textIota invalid in math mode on input line 2367.


Overfull \hbox (6.60008pt too wide) detected at line 2367
\OML/cmm/m/it/12 I \OT1/cmr/m/n/12 = [][] \OML/cmm/m/it/12 g\OT1/cmr/m/n/12 (\O
ML/cmm/m/it/12 z\OT1/cmr/m/n/12 )\OML/cmm/m/it/12 dz \OT1/cmr/m/n/12 = [][] \OM
L/cmm/m/it/12 g\OT1/cmr/m/n/12 (\OML/cmm/m/it/12 \OT1/cmr/m/n/12 (\OML/cmm/m/i
t/12 t\OT1/cmr/m/n/12 ))\OML/cmm/m/it/12 []\OT1/cmr/m/n/12 (\OML/cmm/m/it/12 t
\OT1/cmr/m/n/12 )\OML/cmm/m/it/12 dt \OT1/cmr/m/n/12 = [][] \OML/cmm/m/it/12 e
[]\OT1/cmr/m/n/12 (1 + 5\OML/cmm/m/it/12 i\OT1/cmr/m/n/12 )\OML/cmm/m/it/12 dt 
\OT1/cmr/m/n/12 = (1 + 5\OML/cmm/m/it/12 i\OT1/cmr/m/n/12 ) [][] \OMS/cmsy/m/n/
12 )
 []

[88]
Underfull \hbox (badness 10000) in paragraph at lines 2375--2387

 []


Underfull \hbox (badness 10000) in paragraph at lines 2375--2387

 []


Underfull \hbox (badness 10000) in paragraph at lines 2375--2387

 []


Underfull \hbox (badness 10000) in paragraph at lines 2375--2387

 []


Underfull \hbox (badness 10000) in paragraph at lines 2375--2387

 []


Overfull \hbox (72.8337pt too wide) detected at line 2399
\OT1/cmr/m/n/12 = 2(\OML/cmm/m/it/12 z \OT1/cmr/m/n/12 + 1) \OMS/cmsy/m/n/12   
[] \OT1/cmr/m/n/12 + [] \OMS/cmsy/m/n/12   [] \OT1/cmr/m/n/12 + \OML/cmm/m/it/1
2 ::: \OMS/cmsy/m/n/12   \OT1/cmr/m/n/12 3 + [] \OMS/cmsy/m/n/12   [] \OT1/cmr/
m/n/12 + [] + \OML/cmm/m/it/12 :::
 []

[89]

LaTeX Warning: Command \textIota invalid in math mode on input line 2407.


Underfull \hbox (badness 10000) in paragraph at lines 2407--2410

 []


Underfull \hbox (badness 10000) in paragraph at lines 2442--2444

 []

[90]
Overfull \hbox (9.80345pt too wide) detected at line 2450
[] \OML/cmm/m/it/12 f\OT1/cmr/m/n/12 (\OML/cmm/m/it/12 z\OT1/cmr/m/n/12 ) = [] 
[] = [] [] = \OMS/cmsy/m/n/12  [] \OT1/cmr/m/n/12 = [] \OMS/cmsy/m/n/12 2 \U/ms
b/m/n/12 C 
 []


Overfull \hbox (18.9448pt too wide) detected at line 2454
\OMS/cmsy/m/n/12   [] \OT1/cmr/m/n/12 = [] [] [] \OMS/cmsy/m/n/12  [] [] []  [
] \OT1/cmr/m/n/12 = \OMS/cmsy/m/n/12  []
 []

[91]
Underfull \hbox (badness 10000) in paragraph at lines 2463--2466

 []


Underfull \hbox (badness 10000) in paragraph at lines 2473--2483

 []


Overfull \hbox (66.14761pt too wide) detected at line 2486
[] \OML/cmm/m/it/12 zf\OT1/cmr/m/n/12 (\OML/cmm/m/it/12 z\OT1/cmr/m/n/12 ) = []
 [] = [] [] = [] [] = 0
 []

[92]

LaTeX Warning: Command \textIota invalid in math mode on input line 2488.


Overfull \hbox (55.0425pt too wide) detected at line 2491
\OML/cmm/m/it/12 Res\OT1/cmr/m/n/12 (\OML/cmm/m/it/12 f; \OT1/cmr/m/n/12 3\OML/
cmm/m/it/12 i\OT1/cmr/m/n/12 ) = [] [][] = [] [] =
 []


Underfull \hbox (badness 10000) in paragraph at lines 2493--2497

 []


LaTeX Warning: Command \textIota invalid in math mode on input line 2497.

[93] [94]
Overfull \hbox (61.70679pt too wide) detected at line 2517
\OML/cmm/m/it/12 isin\OT1/cmr/m/n/12 (\OMS/cmsy/m/n/12  \OML/cmm/m/it/12 iz\OT1
/cmr/m/n/12 ) + \OML/cmm/m/it/12 cosh\OT1/cmr/m/n/12 (\OML/cmm/m/it/12 z\OT1/cm
r/m/n/12 ) = \OMS/cmsy/m/n/12  \OML/cmm/m/it/12 i \OMS/cmsy/m/n/12 , \OML/cmm/m
/it/12 i [] \OT1/cmr/m/n/12 + \OML/cmm/m/it/12 cosh\OT1/cmr/m/n/12 (\OML/cmm/m/
it/12 z\OT1/cmr/m/n/12 ) = \OMS/cmsy/m/n/12  \OML/cmm/m/it/12 i \OMS/cmsy/m/n/1
2 , [] \OT1/cmr/m/n/12 = \OMS/cmsy/m/n/12  \OML/cmm/m/it/12 i \OMS/cmsy/m/n/12 
,
 []


Overfull \hbox (46.04495pt too wide) detected at line 2523
\OMS/cmsy/m/n/12 , \OML/cmm/m/it/12 e[] \OT1/cmr/m/n/12 = \OMS/cmsy/m/n/12  \OM
L/cmm/m/it/12 i \OMS/cmsy/m/n/12 , \OML/cmm/m/it/12 z \OT1/cmr/m/n/12 = \OML/cm
m/m/it/12 log\OT1/cmr/m/n/12 (\OMS/cmsy/m/n/12  \OML/cmm/m/it/12 i\OT1/cmr/m/n/
12 ) \OMS/cmsy/m/n/12 , \OML/cmm/m/it/12 z \OT1/cmr/m/n/12 = [] + \OML/cmm/m/it
/12 i [] \OMS/cmsy/m/n/12 , \OML/cmm/m/it/12 z \OT1/cmr/m/n/12 = \OML/cmm/m/it/
12 i [] ;   \OMS/cmsy/m/n/12 2 \U/msb/m/n/12 Z
 []


Overfull \hbox (10.71051pt too wide) detected at line 2535
\OML/cmm/m/it/12 w \OT1/cmr/m/n/12 = \OMS/cmsy/m/n/12  \OML/cmm/m/it/12 i[] \OM
S/cmsy/m/n/12 ,  [] \OT1/cmr/m/n/12 = [] \OMS/cmsy/m/n/12 , \OML/cmm/m/it/12 iw
 \OT1/cmr/m/n/12 = [] \OMS/cmsy/m/n/12 , \OML/cmm/m/it/12 z \OT1/cmr/m/n/12 = \
OMS/cmsy/m/n/12  \OML/cmm/m/it/12 i[] \OMS/cmsy/m/n/12 , \OML/cmm/m/it/12 f[]\O
T1/cmr/m/n/12 (\OML/cmm/m/it/12 w\OT1/cmr/m/n/12 ) = \OMS/cmsy/m/n/12  \OML/cmm
/m/it/12 i[] \OMS/cmsy/m/n/12 , \OML/cmm/m/it/12 f[]\OT1/cmr/m/n/12 (\OML/cmm/m
/it/12 z\OT1/cmr/m/n/12 ) = \OMS/cmsy/m/n/12  \OML/cmm/m/it/12 i[]
 []


LaTeX Warning: Command \textEpsilon invalid in math mode on input line 2539.


LaTeX Warning: Command \textEpsilon invalid in math mode on input line 2553.

[95] [96]
Overfull \hbox (17.26736pt too wide) detected at line 2627
\OMS/cmsy/m/n/12 j\OML/cmm/m/it/12 z[] \OMS/cmsy/m/n/12   \OT1/cmr/m/n/12 5 \OM
S/cmsy/m/n/12   \OML/cmm/m/it/12 i\OMS/cmsy/m/n/12 j \OT1/cmr/m/n/12 = [] = [] 
= [] \OML/cmm/m/it/12 > [] > \OT1/cmr/m/n/12 2
 []


Overfull \hbox (17.46193pt too wide) detected at line 2630
\OMS/cmsy/m/n/12 j\OML/cmm/m/it/12 z[] \OMS/cmsy/m/n/12   \OT1/cmr/m/n/12 5 \OM
S/cmsy/m/n/12   \OML/cmm/m/it/12 i\OMS/cmsy/m/n/12 j \OT1/cmr/m/n/12 = [] = [] 
= [] \OML/cmm/m/it/12 > [] > \OT1/cmr/m/n/12 2
 []

[97]
Overfull \hbox (108.3484pt too wide) detected at line 2691
\OML/cmm/m/it/12 g\OT1/cmr/m/n/12 (\OML/cmm/m/it/12 z\OT1/cmr/m/n/12 ) = [(\OML
/cmm/m/it/12 z \OT1/cmr/m/n/12 + 2) \OMS/cmsy/m/n/12   \OT1/cmr/m/n/12 3] [] \O
MS/cmsy/m/n/12 ) \OML/cmm/m/it/12 g\OT1/cmr/m/n/12 (\OML/cmm/m/it/12 z\OT1/cmr/
m/n/12 ) = (\OML/cmm/m/it/12 z \OT1/cmr/m/n/12 + 2) \OMS/cmsy/m/n/12   [] \OT1/
cmr/m/n/12 +[] + []
 []

[98]
Underfull \hbox (badness 10000) in paragraph at lines 2699--2709

 []


Overfull \hbox (66.73131pt too wide) detected at line 2712
[] \OML/cmm/m/it/12 zf\OT1/cmr/m/n/12 (\OML/cmm/m/it/12 z\OT1/cmr/m/n/12 ) = []
 [] = [] [] = [] [] = 0
 []


LaTeX Warning: Command \textIota invalid in math mode on input line 2714.


Overfull \hbox (18.82378pt too wide) detected at line 2718
\OML/cmm/m/it/12 Res\OT1/cmr/m/n/12 (\OML/cmm/m/it/12 f; i\OT1/cmr/m/n/12 ) = [
] [][] = [] [] =
 []


Underfull \hbox (badness 10000) in paragraph at lines 2722--2724

 []


LaTeX Warning: Command \textIota invalid in math mode on input line 2724.

[99] [100]
Package atveryend Info: Empty hook `BeforeClearDocument' on input line 2777.
Package atveryend Info: Empty hook `AfterLastShipout' on input line 2777.
 (final.aux)
Package atveryend Info: Executing hook `AtVeryEndDocument' on input line 2777.
Package atveryend Info: Empty hook `AtEndAfterFileList' on input line 2777.


LaTeX Font Warning: Some font shapes were not available, defaults substituted.

Package atveryend Info: Empty hook `AtVeryVeryEnd' on input line 2777.
 ) 
Here is how much of TeX's memory you used:
 21748 strings out of 492970
 385269 string characters out of 3125705
 430441 words of memory out of 3000000
 25074 multiletter control sequences out of 15000+200000
 19778 words of font info for 59 fonts, out of 3000000 for 9000
 1141 hyphenation exceptions out of 8191
 55i,17n,54p,784b,644s stack positions out of 5000i,500n,10000p,200000b,50000s
 <C:\Users\giannis\AppData\Local\MiKTeX\2.9\fonts\pk\ljfour\public\cbgreek\dp
i600\grxn2488.pk> <C:\Users\giannis\AppData\Local\MiKTeX\2.9\fonts\pk\ljfour\pu
blic\cbgreek\dpi600\grxn1200.pk> <C:\Users\giannis\AppData\Local\MiKTeX\2.9\fon
ts\pk\ljfour\public\cbgreek\dpi600\grxn1440.pk> <C:\Users\giannis\AppData\Local
\MiKTeX\2.9\fonts\pk\ljfour\public\cbgreek\dpi600\grxn1728.pk> <C:\Users\gianni
s\AppData\Local\MiKTeX\2.9\fonts\pk\ljfour\public\cbgreek\dpi600\grmn1200.pk> <
C:\Users\giannis\AppData\Local\MiKTeX\2.9\fonts\pk\ljfour\public\cbgreek\dpi600
\grmn1440.pk> <C:\Users\giannis\AppData\Local\MiKTeX\2.9\fonts\pk\ljfour\public
\cbgreek\dpi600\grmn2074.pk><C:/Users/giannis/AppData/Local/Programs/MiKTeX 2.9
/fonts/type1/public/amsfonts/cm/cmex10.pfb><C:/Users/giannis/AppData/Local/Prog
rams/MiKTeX 2.9/fonts/type1/public/amsfonts/cmextra/cmex8.pfb><C:/Users/giannis
/AppData/Local/Programs/MiKTeX 2.9/fonts/type1/public/amsfonts/cm/cmmi12.pfb><C
:/Users/giannis/AppData/Local/Programs/MiKTeX 2.9/fonts/type1/public/amsfonts/c
m/cmmi6.pfb><C:/Users/giannis/AppData/Local/Programs/MiKTeX 2.9/fonts/type1/pub
lic/amsfonts/cm/cmmi8.pfb><C:/Users/giannis/AppData/Local/Programs/MiKTeX 2.9/f
onts/type1/public/amsfonts/cm/cmr10.pfb><C:/Users/giannis/AppData/Local/Program
s/MiKTeX 2.9/fonts/type1/public/amsfonts/cm/cmr12.pfb><C:/Users/giannis/AppData
/Local/Programs/MiKTeX 2.9/fonts/type1/public/amsfonts/cm/cmr6.pfb><C:/Users/gi
annis/AppData/Local/Programs/MiKTeX 2.9/fonts/type1/public/amsfonts/cm/cmr8.pfb
><C:/Users/giannis/AppData/Local/Programs/MiKTeX 2.9/fonts/type1/public/amsfont
s/cm/cmsy10.pfb><C:/Users/giannis/AppData/Local/Programs/MiKTeX 2.9/fonts/type1
/public/amsfonts/cm/cmsy6.pfb><C:/Users/giannis/AppData/Local/Programs/MiKTeX 2
.9/fonts/type1/public/amsfonts/cm/cmsy8.pfb><C:/Users/giannis/AppData/Local/Pro
grams/MiKTeX 2.9/fonts/type1/public/amsfonts/latxfont/line10.pfb><C:/Users/gian
nis/AppData/Local/Programs/MiKTeX 2.9/fonts/type1/public/amsfonts/symbols/msam1
0.pfb><C:/Users/giannis/AppData/Local/Programs/MiKTeX 2.9/fonts/type1/public/am
sfonts/symbols/msbm10.pfb>
Output written on final.pdf (100 pages, 564751 bytes).
PDF statistics:
 1305 PDF objects out of 1440 (max. 8388607)
 207 named destinations out of 1000 (max. 500000)
 813 words of extra memory for PDF output out of 10000 (max. 10000000)

